[0.627s] DEBUG:colcon:Command line arguments: ['/usr/bin/colcon', 'build', '--symlink-install']
[0.628s] DEBUG:colcon:Parsed command line arguments: Namespace(log_base=None, log_level=None, verb_name='build', build_base='build', install_base='install', merge_install=False, symlink_install=True, test_result_base=None, continue_on_error=False, executor='parallel', parallel_workers=4, event_handlers=None, ignore_user_meta=False, metas=['./colcon.meta'], base_paths=['.'], packages_ignore=None, packages_ignore_regex=None, paths=None, packages_up_to=None, packages_up_to_regex=None, packages_above=None, packages_above_and_dependencies=None, packages_above_depth=None, packages_select_by_dep=None, packages_skip_by_dep=None, packages_skip_up_to=None, packages_select_build_failed=False, packages_skip_build_finished=False, packages_select_test_failures=False, packages_skip_test_passed=False, packages_select=None, packages_skip=None, packages_select_regex=None, packages_skip_regex=None, packages_start=None, packages_end=None, allow_overriding=[], cmake_args=None, cmake_target=None, cmake_target_skip_unavailable=False, cmake_clean_cache=False, cmake_clean_first=False, cmake_force_configure=False, ament_cmake_args=None, catkin_cmake_args=None, catkin_skip_building_tests=False, mixin_files=None, mixin=None, verb_parser=<colcon_mixin.mixin.mixin_argument.MixinArgumentDecorator object at 0xffff8366d360>, verb_extension=<colcon_core.verb.build.BuildVerb object at 0xffff83812260>, main=<bound method BuildVerb.main of <colcon_core.verb.build.BuildVerb object at 0xffff83812260>>, mixin_verb=('build',))
[1.800s] Level 1:colcon.colcon_core.package_discovery:discover_packages(colcon_meta) check parameters
[1.801s] Level 1:colcon.colcon_core.package_discovery:discover_packages(recursive) check parameters
[1.801s] Level 1:colcon.colcon_core.package_discovery:discover_packages(ignore) check parameters
[1.801s] Level 1:colcon.colcon_core.package_discovery:discover_packages(path) check parameters
[1.801s] Level 1:colcon.colcon_core.package_discovery:discover_packages(colcon_meta) discover
[1.802s] Level 1:colcon.colcon_core.package_discovery:discover_packages(recursive) discover
[1.802s] INFO:colcon.colcon_core.package_discovery:Crawling recursively for packages in '/home/jy/fmgt'
[1.802s] Level 1:colcon.colcon_core.package_identification:_identify(.) by extensions ['ignore', 'ignore_ament_install']
[1.803s] Level 1:colcon.colcon_core.package_identification:_identify(.) by extension 'ignore'
[1.803s] Level 1:colcon.colcon_core.package_identification:_identify(.) by extension 'ignore_ament_install'
[1.803s] Level 1:colcon.colcon_core.package_identification:_identify(.) by extensions ['colcon_pkg']
[1.803s] Level 1:colcon.colcon_core.package_identification:_identify(.) by extension 'colcon_pkg'
[1.804s] Level 1:colcon.colcon_core.package_identification:_identify(.) by extensions ['colcon_meta']
[1.804s] Level 1:colcon.colcon_core.package_identification:_identify(.) by extension 'colcon_meta'
[1.804s] Level 1:colcon.colcon_core.package_identification:_identify(.) by extensions ['ros']
[1.804s] Level 1:colcon.colcon_core.package_identification:_identify(.) by extension 'ros'
[1.871s] Level 1:colcon.colcon_core.package_identification:_identify(.) by extensions ['cmake', 'python']
[1.872s] Level 1:colcon.colcon_core.package_identification:_identify(.) by extension 'cmake'
[1.872s] Level 1:colcon.colcon_core.package_identification:_identify(.) by extension 'python'
[1.872s] Level 1:colcon.colcon_core.package_identification:_identify(.) by extensions ['python_setup_py']
[1.872s] Level 1:colcon.colcon_core.package_identification:_identify(.) by extension 'python_setup_py'
[1.873s] Level 1:colcon.colcon_core.package_identification:_identify(build) by extensions ['ignore', 'ignore_ament_install']
[1.873s] Level 1:colcon.colcon_core.package_identification:_identify(build) by extension 'ignore'
[1.873s] Level 1:colcon.colcon_core.package_identification:_identify(build) ignored
[1.874s] Level 1:colcon.colcon_core.package_identification:_identify(install) by extensions ['ignore', 'ignore_ament_install']
[1.874s] Level 1:colcon.colcon_core.package_identification:_identify(install) by extension 'ignore'
[1.874s] Level 1:colcon.colcon_core.package_identification:_identify(install) ignored
[1.875s] Level 1:colcon.colcon_core.package_identification:_identify(log) by extensions ['ignore', 'ignore_ament_install']
[1.875s] Level 1:colcon.colcon_core.package_identification:_identify(log) by extension 'ignore'
[1.875s] Level 1:colcon.colcon_core.package_identification:_identify(log) ignored
[1.876s] Level 1:colcon.colcon_core.package_identification:_identify(src) by extensions ['ignore', 'ignore_ament_install']
[1.876s] Level 1:colcon.colcon_core.package_identification:_identify(src) by extension 'ignore'
[1.876s] Level 1:colcon.colcon_core.package_identification:_identify(src) by extension 'ignore_ament_install'
[1.876s] Level 1:colcon.colcon_core.package_identification:_identify(src) by extensions ['colcon_pkg']
[1.877s] Level 1:colcon.colcon_core.package_identification:_identify(src) by extension 'colcon_pkg'
[1.877s] Level 1:colcon.colcon_core.package_identification:_identify(src) by extensions ['colcon_meta']
[1.877s] Level 1:colcon.colcon_core.package_identification:_identify(src) by extension 'colcon_meta'
[1.877s] Level 1:colcon.colcon_core.package_identification:_identify(src) by extensions ['ros']
[1.877s] Level 1:colcon.colcon_core.package_identification:_identify(src) by extension 'ros'
[1.878s] Level 1:colcon.colcon_core.package_identification:_identify(src) by extensions ['cmake', 'python']
[1.878s] Level 1:colcon.colcon_core.package_identification:_identify(src) by extension 'cmake'
[1.878s] Level 1:colcon.colcon_core.package_identification:_identify(src) by extension 'python'
[1.878s] Level 1:colcon.colcon_core.package_identification:_identify(src) by extensions ['python_setup_py']
[1.878s] Level 1:colcon.colcon_core.package_identification:_identify(src) by extension 'python_setup_py'
[1.879s] Level 1:colcon.colcon_core.package_identification:_identify(src/fmgt1) by extensions ['ignore', 'ignore_ament_install']
[1.879s] Level 1:colcon.colcon_core.package_identification:_identify(src/fmgt1) by extension 'ignore'
[1.879s] Level 1:colcon.colcon_core.package_identification:_identify(src/fmgt1) by extension 'ignore_ament_install'
[1.879s] Level 1:colcon.colcon_core.package_identification:_identify(src/fmgt1) by extensions ['colcon_pkg']
[1.879s] Level 1:colcon.colcon_core.package_identification:_identify(src/fmgt1) by extension 'colcon_pkg'
[1.880s] Level 1:colcon.colcon_core.package_identification:_identify(src/fmgt1) by extensions ['colcon_meta']
[1.880s] Level 1:colcon.colcon_core.package_identification:_identify(src/fmgt1) by extension 'colcon_meta'
[1.880s] Level 1:colcon.colcon_core.package_identification:_identify(src/fmgt1) by extensions ['ros']
[1.880s] Level 1:colcon.colcon_core.package_identification:_identify(src/fmgt1) by extension 'ros'
[1.892s] DEBUG:colcon.colcon_core.package_identification:Package 'src/fmgt1' with type 'ros.ament_python' and name 'fmgt1'
[1.893s] Level 1:colcon.colcon_core.package_identification:_identify(src/fmgt2) by extensions ['ignore', 'ignore_ament_install']
[1.893s] Level 1:colcon.colcon_core.package_identification:_identify(src/fmgt2) by extension 'ignore'
[1.893s] Level 1:colcon.colcon_core.package_identification:_identify(src/fmgt2) by extension 'ignore_ament_install'
[1.894s] Level 1:colcon.colcon_core.package_identification:_identify(src/fmgt2) by extensions ['colcon_pkg']
[1.894s] Level 1:colcon.colcon_core.package_identification:_identify(src/fmgt2) by extension 'colcon_pkg'
[1.894s] Level 1:colcon.colcon_core.package_identification:_identify(src/fmgt2) by extensions ['colcon_meta']
[1.894s] Level 1:colcon.colcon_core.package_identification:_identify(src/fmgt2) by extension 'colcon_meta'
[1.894s] Level 1:colcon.colcon_core.package_identification:_identify(src/fmgt2) by extensions ['ros']
[1.894s] Level 1:colcon.colcon_core.package_identification:_identify(src/fmgt2) by extension 'ros'
[1.899s] DEBUG:colcon.colcon_core.package_identification:Package 'src/fmgt2' with type 'ros.ament_python' and name 'fmgt2'
[1.899s] Level 1:colcon.colcon_core.package_identification:_identify(src/fmgt3) by extensions ['ignore', 'ignore_ament_install']
[1.900s] Level 1:colcon.colcon_core.package_identification:_identify(src/fmgt3) by extension 'ignore'
[1.900s] Level 1:colcon.colcon_core.package_identification:_identify(src/fmgt3) by extension 'ignore_ament_install'
[1.900s] Level 1:colcon.colcon_core.package_identification:_identify(src/fmgt3) by extensions ['colcon_pkg']
[1.900s] Level 1:colcon.colcon_core.package_identification:_identify(src/fmgt3) by extension 'colcon_pkg'
[1.901s] Level 1:colcon.colcon_core.package_identification:_identify(src/fmgt3) by extensions ['colcon_meta']
[1.901s] Level 1:colcon.colcon_core.package_identification:_identify(src/fmgt3) by extension 'colcon_meta'
[1.901s] Level 1:colcon.colcon_core.package_identification:_identify(src/fmgt3) by extensions ['ros']
[1.901s] Level 1:colcon.colcon_core.package_identification:_identify(src/fmgt3) by extension 'ros'
[1.905s] DEBUG:colcon.colcon_core.package_identification:Package 'src/fmgt3' with type 'ros.ament_python' and name 'fmgt3'
[1.905s] Level 1:colcon.colcon_core.package_discovery:discover_packages(recursive) using defaults
[1.905s] Level 1:colcon.colcon_core.package_discovery:discover_packages(ignore) discover
[1.905s] Level 1:colcon.colcon_core.package_discovery:discover_packages(ignore) using defaults
[1.905s] Level 1:colcon.colcon_core.package_discovery:discover_packages(path) discover
[1.905s] Level 1:colcon.colcon_core.package_discovery:discover_packages(path) using defaults
[2.053s] Level 1:colcon.colcon_core.package_discovery:discover_packages(prefix_path) check parameters
[2.053s] Level 1:colcon.colcon_core.package_discovery:discover_packages(prefix_path) discover
[2.072s] DEBUG:colcon.colcon_installed_package_information.package_discovery:Found 272 installed packages in /opt/ros/humble
[2.079s] Level 1:colcon.colcon_core.package_discovery:discover_packages(prefix_path) using defaults
[2.246s] Level 5:colcon.colcon_core.verb:set package 'fmgt1' build argument 'cmake_args' from command line to 'None'
[2.247s] Level 5:colcon.colcon_core.verb:set package 'fmgt1' build argument 'cmake_target' from command line to 'None'
[2.247s] Level 5:colcon.colcon_core.verb:set package 'fmgt1' build argument 'cmake_target_skip_unavailable' from command line to 'False'
[2.247s] Level 5:colcon.colcon_core.verb:set package 'fmgt1' build argument 'cmake_clean_cache' from command line to 'False'
[2.247s] Level 5:colcon.colcon_core.verb:set package 'fmgt1' build argument 'cmake_clean_first' from command line to 'False'
[2.247s] Level 5:colcon.colcon_core.verb:set package 'fmgt1' build argument 'cmake_force_configure' from command line to 'False'
[2.247s] Level 5:colcon.colcon_core.verb:set package 'fmgt1' build argument 'ament_cmake_args' from command line to 'None'
[2.247s] Level 5:colcon.colcon_core.verb:set package 'fmgt1' build argument 'catkin_cmake_args' from command line to 'None'
[2.248s] Level 5:colcon.colcon_core.verb:set package 'fmgt1' build argument 'catkin_skip_building_tests' from command line to 'False'
[2.248s] DEBUG:colcon.colcon_core.verb:Building package 'fmgt1' with the following arguments: {'ament_cmake_args': None, 'build_base': '/home/jy/fmgt/build/fmgt1', 'catkin_cmake_args': None, 'catkin_skip_building_tests': False, 'cmake_args': None, 'cmake_clean_cache': False, 'cmake_clean_first': False, 'cmake_force_configure': False, 'cmake_target': None, 'cmake_target_skip_unavailable': False, 'install_base': '/home/jy/fmgt/install/fmgt1', 'merge_install': False, 'path': '/home/jy/fmgt/src/fmgt1', 'symlink_install': True, 'test_result_base': None}
[2.249s] Level 5:colcon.colcon_core.verb:set package 'fmgt2' build argument 'cmake_args' from command line to 'None'
[2.249s] Level 5:colcon.colcon_core.verb:set package 'fmgt2' build argument 'cmake_target' from command line to 'None'
[2.250s] Level 5:colcon.colcon_core.verb:set package 'fmgt2' build argument 'cmake_target_skip_unavailable' from command line to 'False'
[2.250s] Level 5:colcon.colcon_core.verb:set package 'fmgt2' build argument 'cmake_clean_cache' from command line to 'False'
[2.250s] Level 5:colcon.colcon_core.verb:set package 'fmgt2' build argument 'cmake_clean_first' from command line to 'False'
[2.250s] Level 5:colcon.colcon_core.verb:set package 'fmgt2' build argument 'cmake_force_configure' from command line to 'False'
[2.250s] Level 5:colcon.colcon_core.verb:set package 'fmgt2' build argument 'ament_cmake_args' from command line to 'None'
[2.250s] Level 5:colcon.colcon_core.verb:set package 'fmgt2' build argument 'catkin_cmake_args' from command line to 'None'
[2.250s] Level 5:colcon.colcon_core.verb:set package 'fmgt2' build argument 'catkin_skip_building_tests' from command line to 'False'
[2.250s] DEBUG:colcon.colcon_core.verb:Building package 'fmgt2' with the following arguments: {'ament_cmake_args': None, 'build_base': '/home/jy/fmgt/build/fmgt2', 'catkin_cmake_args': None, 'catkin_skip_building_tests': False, 'cmake_args': None, 'cmake_clean_cache': False, 'cmake_clean_first': False, 'cmake_force_configure': False, 'cmake_target': None, 'cmake_target_skip_unavailable': False, 'install_base': '/home/jy/fmgt/install/fmgt2', 'merge_install': False, 'path': '/home/jy/fmgt/src/fmgt2', 'symlink_install': True, 'test_result_base': None}
[2.252s] Level 5:colcon.colcon_core.verb:set package 'fmgt3' build argument 'cmake_args' from command line to 'None'
[2.252s] Level 5:colcon.colcon_core.verb:set package 'fmgt3' build argument 'cmake_target' from command line to 'None'
[2.252s] Level 5:colcon.colcon_core.verb:set package 'fmgt3' build argument 'cmake_target_skip_unavailable' from command line to 'False'
[2.252s] Level 5:colcon.colcon_core.verb:set package 'fmgt3' build argument 'cmake_clean_cache' from command line to 'False'
[2.252s] Level 5:colcon.colcon_core.verb:set package 'fmgt3' build argument 'cmake_clean_first' from command line to 'False'
[2.252s] Level 5:colcon.colcon_core.verb:set package 'fmgt3' build argument 'cmake_force_configure' from command line to 'False'
[2.252s] Level 5:colcon.colcon_core.verb:set package 'fmgt3' build argument 'ament_cmake_args' from command line to 'None'
[2.252s] Level 5:colcon.colcon_core.verb:set package 'fmgt3' build argument 'catkin_cmake_args' from command line to 'None'
[2.253s] Level 5:colcon.colcon_core.verb:set package 'fmgt3' build argument 'catkin_skip_building_tests' from command line to 'False'
[2.253s] DEBUG:colcon.colcon_core.verb:Building package 'fmgt3' with the following arguments: {'ament_cmake_args': None, 'build_base': '/home/jy/fmgt/build/fmgt3', 'catkin_cmake_args': None, 'catkin_skip_building_tests': False, 'cmake_args': None, 'cmake_clean_cache': False, 'cmake_clean_first': False, 'cmake_force_configure': False, 'cmake_target': None, 'cmake_target_skip_unavailable': False, 'install_base': '/home/jy/fmgt/install/fmgt3', 'merge_install': False, 'path': '/home/jy/fmgt/src/fmgt3', 'symlink_install': True, 'test_result_base': None}
[2.253s] INFO:colcon.colcon_core.executor:Executing jobs using 'parallel' executor
[2.256s] DEBUG:colcon.colcon_parallel_executor.executor.parallel:run_until_complete
[2.258s] INFO:colcon.colcon_ros.task.ament_python.build:Building ROS package in '/home/jy/fmgt/src/fmgt1' with build type 'ament_python'
[2.258s] Level 1:colcon.colcon_core.shell:create_environment_hook('fmgt1', 'ament_prefix_path')
[2.273s] INFO:colcon.colcon_core.plugin_system:Skipping extension 'colcon_core.shell.bat': Not used on non-Windows systems
[2.274s] INFO:colcon.colcon_core.shell:Creating environment hook '/home/jy/fmgt/install/fmgt1/share/fmgt1/hook/ament_prefix_path.ps1'
[2.279s] INFO:colcon.colcon_core.shell:Creating environment descriptor '/home/jy/fmgt/install/fmgt1/share/fmgt1/hook/ament_prefix_path.dsv'
[2.282s] INFO:colcon.colcon_core.shell:Creating environment hook '/home/jy/fmgt/install/fmgt1/share/fmgt1/hook/ament_prefix_path.sh'
[2.286s] INFO:colcon.colcon_core.shell:Skip shell extension 'powershell' for command environment: Not usable outside of PowerShell
[2.286s] DEBUG:colcon.colcon_core.shell:Skip shell extension 'dsv' for command environment
[2.303s] INFO:colcon.colcon_ros.task.ament_python.build:Building ROS package in '/home/jy/fmgt/src/fmgt2' with build type 'ament_python'
[2.303s] Level 1:colcon.colcon_core.shell:create_environment_hook('fmgt2', 'ament_prefix_path')
[2.305s] INFO:colcon.colcon_core.shell:Creating environment hook '/home/jy/fmgt/install/fmgt2/share/fmgt2/hook/ament_prefix_path.ps1'
[2.307s] INFO:colcon.colcon_core.shell:Creating environment descriptor '/home/jy/fmgt/install/fmgt2/share/fmgt2/hook/ament_prefix_path.dsv'
[2.309s] INFO:colcon.colcon_core.shell:Creating environment hook '/home/jy/fmgt/install/fmgt2/share/fmgt2/hook/ament_prefix_path.sh'
[2.313s] INFO:colcon.colcon_core.shell:Skip shell extension 'powershell' for command environment: Not usable outside of PowerShell
[2.313s] DEBUG:colcon.colcon_core.shell:Skip shell extension 'dsv' for command environment
[2.329s] INFO:colcon.colcon_ros.task.ament_python.build:Building ROS package in '/home/jy/fmgt/src/fmgt3' with build type 'ament_python'
[2.330s] Level 1:colcon.colcon_core.shell:create_environment_hook('fmgt3', 'ament_prefix_path')
[2.331s] INFO:colcon.colcon_core.shell:Creating environment hook '/home/jy/fmgt/install/fmgt3/share/fmgt3/hook/ament_prefix_path.ps1'
[2.334s] INFO:colcon.colcon_core.shell:Creating environment descriptor '/home/jy/fmgt/install/fmgt3/share/fmgt3/hook/ament_prefix_path.dsv'
[2.336s] INFO:colcon.colcon_core.shell:Creating environment hook '/home/jy/fmgt/install/fmgt3/share/fmgt3/hook/ament_prefix_path.sh'
[2.341s] INFO:colcon.colcon_core.shell:Skip shell extension 'powershell' for command environment: Not usable outside of PowerShell
[2.341s] DEBUG:colcon.colcon_core.shell:Skip shell extension 'dsv' for command environment
[3.568s] INFO:colcon.colcon_core.task.python.build:Building Python package in '/home/jy/fmgt/src/fmgt1'
[3.569s] INFO:colcon.colcon_core.shell:Skip shell extension 'powershell' for command environment: Not usable outside of PowerShell
[3.570s] DEBUG:colcon.colcon_core.shell:Skip shell extension 'dsv' for command environment
[4.777s] INFO:colcon.colcon_core.task.python.build:Building Python package in '/home/jy/fmgt/src/fmgt2'
[4.778s] INFO:colcon.colcon_core.shell:Skip shell extension 'powershell' for command environment: Not usable outside of PowerShell
[4.778s] DEBUG:colcon.colcon_core.shell:Skip shell extension 'dsv' for command environment
[5.995s] INFO:colcon.colcon_core.task.python.build:Building Python package in '/home/jy/fmgt/src/fmgt3'
[5.997s] INFO:colcon.colcon_core.shell:Skip shell extension 'powershell' for command environment: Not usable outside of PowerShell
[5.997s] DEBUG:colcon.colcon_core.shell:Skip shell extension 'dsv' for command environment
[9.148s] DEBUG:colcon.colcon_core.event_handler.log_command:Invoking command in '/home/jy/fmgt/build/fmgt1': PYTHONPATH=/home/jy/fmgt/build/fmgt1/prefix_override:/usr/lib/python3/dist-packages/colcon_core/task/python/colcon_distutils_commands:/home/jy/fmgt/install/fmgt1/lib/python3.10/site-packages:${PYTHONPATH} /usr/bin/python3 -W ignore:setup.py install is deprecated -W ignore:easy_install command is deprecated setup.py develop --editable --build-directory /home/jy/fmgt/build/fmgt1/build --no-deps symlink_data
[9.241s] DEBUG:colcon.colcon_core.event_handler.log_command:Invoking command in '/home/jy/fmgt/build/fmgt2': PYTHONPATH=/home/jy/fmgt/build/fmgt2/prefix_override:/usr/lib/python3/dist-packages/colcon_core/task/python/colcon_distutils_commands:/home/jy/fmgt/install/fmgt2/lib/python3.10/site-packages:${PYTHONPATH} /usr/bin/python3 -W ignore:setup.py install is deprecated -W ignore:easy_install command is deprecated setup.py develop --editable --build-directory /home/jy/fmgt/build/fmgt2/build --no-deps symlink_data
[9.294s] DEBUG:colcon.colcon_core.event_handler.log_command:Invoking command in '/home/jy/fmgt/build/fmgt3': PYTHONPATH=/home/jy/fmgt/build/fmgt3/prefix_override:/usr/lib/python3/dist-packages/colcon_core/task/python/colcon_distutils_commands:/home/jy/fmgt/install/fmgt3/lib/python3.10/site-packages:${PYTHONPATH} /usr/bin/python3 -W ignore:setup.py install is deprecated -W ignore:easy_install command is deprecated setup.py develop --editable --build-directory /home/jy/fmgt/build/fmgt3/build --no-deps symlink_data
[13.878s] Level 1:colcon.colcon_core.shell:create_environment_hook('fmgt3', 'pythonpath_develop')
[13.880s] INFO:colcon.colcon_core.shell:Creating environment hook '/home/jy/fmgt/build/fmgt3/share/fmgt3/hook/pythonpath_develop.ps1'
[13.881s] DEBUG:colcon.colcon_core.event_handler.log_command:Invoked command in '/home/jy/fmgt/build/fmgt3' returned '0': PYTHONPATH=/home/jy/fmgt/build/fmgt3/prefix_override:/usr/lib/python3/dist-packages/colcon_core/task/python/colcon_distutils_commands:/home/jy/fmgt/install/fmgt3/lib/python3.10/site-packages:${PYTHONPATH} /usr/bin/python3 -W ignore:setup.py install is deprecated -W ignore:easy_install command is deprecated setup.py develop --editable --build-directory /home/jy/fmgt/build/fmgt3/build --no-deps symlink_data
[13.890s] INFO:colcon.colcon_core.shell:Creating environment descriptor '/home/jy/fmgt/build/fmgt3/share/fmgt3/hook/pythonpath_develop.dsv'
[13.896s] INFO:colcon.colcon_core.shell:Creating environment hook '/home/jy/fmgt/build/fmgt3/share/fmgt3/hook/pythonpath_develop.sh'
[13.931s] Level 1:colcon.colcon_core.environment:checking '/home/jy/fmgt/install/fmgt3' for CMake module files
[13.934s] Level 1:colcon.colcon_core.environment:checking '/home/jy/fmgt/install/fmgt3' for CMake config files
[13.940s] Level 1:colcon.colcon_core.environment:checking '/home/jy/fmgt/install/fmgt3/lib'
[13.941s] Level 1:colcon.colcon_core.environment:checking '/home/jy/fmgt/install/fmgt3/bin'
[13.942s] Level 1:colcon.colcon_core.environment:checking '/home/jy/fmgt/install/fmgt3/lib/pkgconfig/fmgt3.pc'
[13.943s] Level 1:colcon.colcon_core.environment:checking '/home/jy/fmgt/install/fmgt3/lib/python3.10/site-packages'
[13.944s] Level 1:colcon.colcon_core.shell:create_environment_hook('fmgt3', 'pythonpath')
[13.945s] INFO:colcon.colcon_core.shell:Creating environment hook '/home/jy/fmgt/install/fmgt3/share/fmgt3/hook/pythonpath.ps1'
[13.949s] INFO:colcon.colcon_core.shell:Creating environment descriptor '/home/jy/fmgt/install/fmgt3/share/fmgt3/hook/pythonpath.dsv'
[13.952s] INFO:colcon.colcon_core.shell:Creating environment hook '/home/jy/fmgt/install/fmgt3/share/fmgt3/hook/pythonpath.sh'
[13.955s] Level 1:colcon.colcon_core.environment:checking '/home/jy/fmgt/install/fmgt3/bin'
[13.956s] Level 1:colcon.colcon_core.environment:create_environment_scripts_only(fmgt3)
[13.958s] INFO:colcon.colcon_core.shell:Creating package script '/home/jy/fmgt/install/fmgt3/share/fmgt3/package.ps1'
[13.983s] INFO:colcon.colcon_core.shell:Creating package descriptor '/home/jy/fmgt/install/fmgt3/share/fmgt3/package.dsv'
[13.999s] INFO:colcon.colcon_core.shell:Creating package script '/home/jy/fmgt/install/fmgt3/share/fmgt3/package.sh'
[14.036s] INFO:colcon.colcon_core.shell:Creating package script '/home/jy/fmgt/install/fmgt3/share/fmgt3/package.bash'
[14.043s] INFO:colcon.colcon_core.shell:Creating package script '/home/jy/fmgt/install/fmgt3/share/fmgt3/package.zsh'
[14.056s] Level 1:colcon.colcon_core.environment:create_file_with_runtime_dependencies(/home/jy/fmgt/install/fmgt3/share/colcon-core/packages/fmgt3)
[14.233s] Level 1:colcon.colcon_core.shell:create_environment_hook('fmgt1', 'pythonpath_develop')
[14.234s] INFO:colcon.colcon_core.shell:Creating environment hook '/home/jy/fmgt/build/fmgt1/share/fmgt1/hook/pythonpath_develop.ps1'
[14.238s] INFO:colcon.colcon_core.shell:Creating environment descriptor '/home/jy/fmgt/build/fmgt1/share/fmgt1/hook/pythonpath_develop.dsv'
[14.244s] DEBUG:colcon.colcon_core.event_handler.log_command:Invoked command in '/home/jy/fmgt/build/fmgt1' returned '0': PYTHONPATH=/home/jy/fmgt/build/fmgt1/prefix_override:/usr/lib/python3/dist-packages/colcon_core/task/python/colcon_distutils_commands:/home/jy/fmgt/install/fmgt1/lib/python3.10/site-packages:${PYTHONPATH} /usr/bin/python3 -W ignore:setup.py install is deprecated -W ignore:easy_install command is deprecated setup.py develop --editable --build-directory /home/jy/fmgt/build/fmgt1/build --no-deps symlink_data
[14.245s] INFO:colcon.colcon_core.shell:Creating environment hook '/home/jy/fmgt/build/fmgt1/share/fmgt1/hook/pythonpath_develop.sh'
[14.249s] Level 1:colcon.colcon_core.environment:checking '/home/jy/fmgt/install/fmgt1' for CMake module files
[14.264s] Level 1:colcon.colcon_core.environment:checking '/home/jy/fmgt/install/fmgt1' for CMake config files
[14.268s] Level 1:colcon.colcon_core.environment:checking '/home/jy/fmgt/install/fmgt1/lib'
[14.268s] Level 1:colcon.colcon_core.environment:checking '/home/jy/fmgt/install/fmgt1/bin'
[14.269s] Level 1:colcon.colcon_core.environment:checking '/home/jy/fmgt/install/fmgt1/lib/pkgconfig/fmgt1.pc'
[14.271s] Level 1:colcon.colcon_core.environment:checking '/home/jy/fmgt/install/fmgt1/lib/python3.10/site-packages'
[14.272s] Level 1:colcon.colcon_core.shell:create_environment_hook('fmgt1', 'pythonpath')
[14.273s] INFO:colcon.colcon_core.shell:Creating environment hook '/home/jy/fmgt/install/fmgt1/share/fmgt1/hook/pythonpath.ps1'
[14.277s] INFO:colcon.colcon_core.shell:Creating environment descriptor '/home/jy/fmgt/install/fmgt1/share/fmgt1/hook/pythonpath.dsv'
[14.279s] INFO:colcon.colcon_core.shell:Creating environment hook '/home/jy/fmgt/install/fmgt1/share/fmgt1/hook/pythonpath.sh'
[14.284s] Level 1:colcon.colcon_core.environment:checking '/home/jy/fmgt/install/fmgt1/bin'
[14.285s] Level 1:colcon.colcon_core.environment:create_environment_scripts_only(fmgt1)
[14.290s] INFO:colcon.colcon_core.shell:Creating package script '/home/jy/fmgt/install/fmgt1/share/fmgt1/package.ps1'
[14.301s] INFO:colcon.colcon_core.shell:Creating package descriptor '/home/jy/fmgt/install/fmgt1/share/fmgt1/package.dsv'
[14.326s] INFO:colcon.colcon_core.shell:Creating package script '/home/jy/fmgt/install/fmgt1/share/fmgt1/package.sh'
[14.350s] INFO:colcon.colcon_core.shell:Creating package script '/home/jy/fmgt/install/fmgt1/share/fmgt1/package.bash'
[14.358s] INFO:colcon.colcon_core.shell:Creating package script '/home/jy/fmgt/install/fmgt1/share/fmgt1/package.zsh'
[14.363s] Level 1:colcon.colcon_core.environment:create_file_with_runtime_dependencies(/home/jy/fmgt/install/fmgt1/share/colcon-core/packages/fmgt1)
[14.476s] Level 1:colcon.colcon_core.shell:create_environment_hook('fmgt2', 'pythonpath_develop')
[14.478s] INFO:colcon.colcon_core.shell:Creating environment hook '/home/jy/fmgt/build/fmgt2/share/fmgt2/hook/pythonpath_develop.ps1'
[14.480s] DEBUG:colcon.colcon_core.event_handler.log_command:Invoked command in '/home/jy/fmgt/build/fmgt2' returned '0': PYTHONPATH=/home/jy/fmgt/build/fmgt2/prefix_override:/usr/lib/python3/dist-packages/colcon_core/task/python/colcon_distutils_commands:/home/jy/fmgt/install/fmgt2/lib/python3.10/site-packages:${PYTHONPATH} /usr/bin/python3 -W ignore:setup.py install is deprecated -W ignore:easy_install command is deprecated setup.py develop --editable --build-directory /home/jy/fmgt/build/fmgt2/build --no-deps symlink_data
[14.484s] INFO:colcon.colcon_core.shell:Creating environment descriptor '/home/jy/fmgt/build/fmgt2/share/fmgt2/hook/pythonpath_develop.dsv'
[14.486s] INFO:colcon.colcon_core.shell:Creating environment hook '/home/jy/fmgt/build/fmgt2/share/fmgt2/hook/pythonpath_develop.sh'
[14.490s] Level 1:colcon.colcon_core.environment:checking '/home/jy/fmgt/install/fmgt2' for CMake module files
[14.498s] Level 1:colcon.colcon_core.environment:checking '/home/jy/fmgt/install/fmgt2' for CMake config files
[14.502s] Level 1:colcon.colcon_core.environment:checking '/home/jy/fmgt/install/fmgt2/lib'
[14.502s] Level 1:colcon.colcon_core.environment:checking '/home/jy/fmgt/install/fmgt2/bin'
[14.503s] Level 1:colcon.colcon_core.environment:checking '/home/jy/fmgt/install/fmgt2/lib/pkgconfig/fmgt2.pc'
[14.505s] Level 1:colcon.colcon_core.environment:checking '/home/jy/fmgt/install/fmgt2/lib/python3.10/site-packages'
[14.505s] Level 1:colcon.colcon_core.shell:create_environment_hook('fmgt2', 'pythonpath')
[14.507s] INFO:colcon.colcon_core.shell:Creating environment hook '/home/jy/fmgt/install/fmgt2/share/fmgt2/hook/pythonpath.ps1'
[14.510s] INFO:colcon.colcon_core.shell:Creating environment descriptor '/home/jy/fmgt/install/fmgt2/share/fmgt2/hook/pythonpath.dsv'
[14.513s] INFO:colcon.colcon_core.shell:Creating environment hook '/home/jy/fmgt/install/fmgt2/share/fmgt2/hook/pythonpath.sh'
[14.518s] Level 1:colcon.colcon_core.environment:checking '/home/jy/fmgt/install/fmgt2/bin'
[14.518s] Level 1:colcon.colcon_core.environment:create_environment_scripts_only(fmgt2)
[14.520s] INFO:colcon.colcon_core.shell:Creating package script '/home/jy/fmgt/install/fmgt2/share/fmgt2/package.ps1'
[14.524s] INFO:colcon.colcon_core.shell:Creating package descriptor '/home/jy/fmgt/install/fmgt2/share/fmgt2/package.dsv'
[14.527s] INFO:colcon.colcon_core.shell:Creating package script '/home/jy/fmgt/install/fmgt2/share/fmgt2/package.sh'
[14.530s] INFO:colcon.colcon_core.shell:Creating package script '/home/jy/fmgt/install/fmgt2/share/fmgt2/package.bash'
[14.532s] INFO:colcon.colcon_core.shell:Creating package script '/home/jy/fmgt/install/fmgt2/share/fmgt2/package.zsh'
[14.537s] Level 1:colcon.colcon_core.environment:create_file_with_runtime_dependencies(/home/jy/fmgt/install/fmgt2/share/colcon-core/packages/fmgt2)
[14.539s] DEBUG:colcon.colcon_parallel_executor.executor.parallel:closing loop
[14.542s] DEBUG:colcon.colcon_parallel_executor.executor.parallel:loop closed
[14.543s] DEBUG:colcon.colcon_parallel_executor.executor.parallel:run_until_complete finished with '0'
[14.543s] DEBUG:colcon.colcon_core.event_reactor:joining thread
[14.576s] INFO:colcon.colcon_core.plugin_system:Skipping extension 'colcon_notification.desktop_notification.terminal_notifier': Not used on non-Darwin systems
[14.577s] INFO:colcon.colcon_core.plugin_system:Skipping extension 'colcon_notification.desktop_notification.win32': Not used on non-Windows systems
[14.577s] INFO:colcon.colcon_notification.desktop_notification:Sending desktop notification using 'notify2'
[14.657s] DEBUG:colcon.colcon_core.event_reactor:joined thread
[14.659s] INFO:colcon.colcon_core.shell:Creating prefix script '/home/jy/fmgt/install/local_setup.ps1'
[14.665s] INFO:colcon.colcon_core.shell:Creating prefix util module '/home/jy/fmgt/install/_local_setup_util_ps1.py'
[14.675s] INFO:colcon.colcon_core.shell:Creating prefix chain script '/home/jy/fmgt/install/setup.ps1'
[14.683s] INFO:colcon.colcon_core.shell:Creating prefix script '/home/jy/fmgt/install/local_setup.sh'
[14.687s] INFO:colcon.colcon_core.shell:Creating prefix util module '/home/jy/fmgt/install/_local_setup_util_sh.py'
[14.690s] INFO:colcon.colcon_core.shell:Creating prefix chain script '/home/jy/fmgt/install/setup.sh'
[14.697s] INFO:colcon.colcon_core.shell:Creating prefix script '/home/jy/fmgt/install/local_setup.bash'
[14.700s] INFO:colcon.colcon_core.shell:Creating prefix chain script '/home/jy/fmgt/install/setup.bash'
[14.706s] INFO:colcon.colcon_core.shell:Creating prefix script '/home/jy/fmgt/install/local_setup.zsh'
[14.709s] INFO:colcon.colcon_core.shell:Creating prefix chain script '/home/jy/fmgt/install/setup.zsh'
