[3.590s] Invoking command in '/home/jy/fmgt/build/fmgt4': PYTHONPATH=/home/jy/fmgt/build/fmgt4/prefix_override:/usr/lib/python3/dist-packages/colcon_core/task/python/colcon_distutils_commands:/home/jy/fmgt/install/fmgt4/lib/python3.10/site-packages:${PYTHONPATH} /usr/bin/python3 -W ignore:setup.py install is deprecated -W ignore:easy_install command is deprecated setup.py develop --editable --build-directory /home/jy/fmgt/build/fmgt4/build --no-deps symlink_data
[5.281s] running develop
[6.379s] running egg_info
[6.381s] creating fmgt4.egg-info
[6.382s] writing fmgt4.egg-info/PKG-INFO
[6.384s] writing dependency_links to fmgt4.egg-info/dependency_links.txt
[6.386s] writing entry points to fmgt4.egg-info/entry_points.txt
[6.386s] writing requirements to fmgt4.egg-info/requires.txt
[6.387s] writing top-level names to fmgt4.egg-info/top_level.txt
[6.387s] writing manifest file 'fmgt4.egg-info/SOURCES.txt'
[6.394s] reading manifest file 'fmgt4.egg-info/SOURCES.txt'
[6.398s] writing manifest file 'fmgt4.egg-info/SOURCES.txt'
[6.405s] running build_ext
[6.407s] Creating /home/jy/fmgt/install/fmgt4/lib/python3.10/site-packages/fmgt4.egg-link (link to .)
[6.411s] Installing estimator script to /home/jy/fmgt/install/fmgt4/lib/fmgt4
[6.413s] Installing follower script to /home/jy/fmgt/install/fmgt4/lib/fmgt4
[6.413s] Installing publisher script to /home/jy/fmgt/install/fmgt4/lib/fmgt4
[6.417s] 
[6.422s] Installed /home/jy/fmgt/build/fmgt4
[6.424s] running symlink_data
[6.426s] creating /home/jy/fmgt/install/fmgt4/share/ament_index
[6.428s] creating /home/jy/fmgt/install/fmgt4/share/ament_index/resource_index
[6.430s] creating /home/jy/fmgt/install/fmgt4/share/ament_index/resource_index/packages
[6.433s] symbolically linking /home/jy/fmgt/build/fmgt4/resource/fmgt4 -> /home/jy/fmgt/install/fmgt4/share/ament_index/resource_index/packages
[6.435s] symbolically linking /home/jy/fmgt/build/fmgt4/package.xml -> /home/jy/fmgt/install/fmgt4/share/fmgt4
[6.579s] Invoked command in '/home/jy/fmgt/build/fmgt4' returned '0': PYTHONPATH=/home/jy/fmgt/build/fmgt4/prefix_override:/usr/lib/python3/dist-packages/colcon_core/task/python/colcon_distutils_commands:/home/jy/fmgt/install/fmgt4/lib/python3.10/site-packages:${PYTHONPATH} /usr/bin/python3 -W ignore:setup.py install is deprecated -W ignore:easy_install command is deprecated setup.py develop --editable --build-directory /home/jy/fmgt/build/fmgt4/build --no-deps symlink_data
