[0.913s] DEBUG:colcon:Command line arguments: ['/usr/bin/colcon', 'build', '--packages-select', 'fmgt4', '--symlink-install']
[0.913s] DEBUG:colcon:Parsed command line arguments: Namespace(log_base=None, log_level=None, verb_name='build', build_base='build', install_base='install', merge_install=False, symlink_install=True, test_result_base=None, continue_on_error=False, executor='parallel', parallel_workers=4, event_handlers=None, ignore_user_meta=False, metas=['./colcon.meta'], base_paths=['.'], packages_ignore=None, packages_ignore_regex=None, paths=None, packages_up_to=None, packages_up_to_regex=None, packages_above=None, packages_above_and_dependencies=None, packages_above_depth=None, packages_select_by_dep=None, packages_skip_by_dep=None, packages_skip_up_to=None, packages_select_build_failed=False, packages_skip_build_finished=False, packages_select_test_failures=False, packages_skip_test_passed=False, packages_select=['fmgt4'], packages_skip=None, packages_select_regex=None, packages_skip_regex=None, packages_start=None, packages_end=None, allow_overriding=[], cmake_args=None, cmake_target=None, cmake_target_skip_unavailable=False, cmake_clean_cache=False, cmake_clean_first=False, cmake_force_configure=False, ament_cmake_args=None, catkin_cmake_args=None, catkin_skip_building_tests=False, mixin_files=None, mixin=None, verb_parser=<colcon_mixin.mixin.mixin_argument.MixinArgumentDecorator object at 0xffffabc9d420>, verb_extension=<colcon_core.verb.build.BuildVerb object at 0xffffabe42320>, main=<bound method BuildVerb.main of <colcon_core.verb.build.BuildVerb object at 0xffffabe42320>>, mixin_verb=('build',))
[2.281s] Level 1:colcon.colcon_core.package_discovery:discover_packages(colcon_meta) check parameters
[2.281s] Level 1:colcon.colcon_core.package_discovery:discover_packages(recursive) check parameters
[2.282s] Level 1:colcon.colcon_core.package_discovery:discover_packages(ignore) check parameters
[2.282s] Level 1:colcon.colcon_core.package_discovery:discover_packages(path) check parameters
[2.282s] Level 1:colcon.colcon_core.package_discovery:discover_packages(colcon_meta) discover
[2.282s] Level 1:colcon.colcon_core.package_discovery:discover_packages(recursive) discover
[2.283s] INFO:colcon.colcon_core.package_discovery:Crawling recursively for packages in '/home/jy/fmgt'
[2.283s] Level 1:colcon.colcon_core.package_identification:_identify(.) by extensions ['ignore', 'ignore_ament_install']
[2.284s] Level 1:colcon.colcon_core.package_identification:_identify(.) by extension 'ignore'
[2.284s] Level 1:colcon.colcon_core.package_identification:_identify(.) by extension 'ignore_ament_install'
[2.284s] Level 1:colcon.colcon_core.package_identification:_identify(.) by extensions ['colcon_pkg']
[2.285s] Level 1:colcon.colcon_core.package_identification:_identify(.) by extension 'colcon_pkg'
[2.285s] Level 1:colcon.colcon_core.package_identification:_identify(.) by extensions ['colcon_meta']
[2.285s] Level 1:colcon.colcon_core.package_identification:_identify(.) by extension 'colcon_meta'
[2.285s] Level 1:colcon.colcon_core.package_identification:_identify(.) by extensions ['ros']
[2.286s] Level 1:colcon.colcon_core.package_identification:_identify(.) by extension 'ros'
[2.344s] Level 1:colcon.colcon_core.package_identification:_identify(.) by extensions ['cmake', 'python']
[2.344s] Level 1:colcon.colcon_core.package_identification:_identify(.) by extension 'cmake'
[2.345s] Level 1:colcon.colcon_core.package_identification:_identify(.) by extension 'python'
[2.346s] Level 1:colcon.colcon_core.package_identification:_identify(.) by extensions ['python_setup_py']
[2.346s] Level 1:colcon.colcon_core.package_identification:_identify(.) by extension 'python_setup_py'
[2.347s] Level 1:colcon.colcon_core.package_identification:_identify(build) by extensions ['ignore', 'ignore_ament_install']
[2.347s] Level 1:colcon.colcon_core.package_identification:_identify(build) by extension 'ignore'
[2.348s] Level 1:colcon.colcon_core.package_identification:_identify(build) ignored
[2.349s] Level 1:colcon.colcon_core.package_identification:_identify(install) by extensions ['ignore', 'ignore_ament_install']
[2.349s] Level 1:colcon.colcon_core.package_identification:_identify(install) by extension 'ignore'
[2.350s] Level 1:colcon.colcon_core.package_identification:_identify(install) ignored
[2.350s] Level 1:colcon.colcon_core.package_identification:_identify(log) by extensions ['ignore', 'ignore_ament_install']
[2.351s] Level 1:colcon.colcon_core.package_identification:_identify(log) by extension 'ignore'
[2.351s] Level 1:colcon.colcon_core.package_identification:_identify(log) ignored
[2.352s] Level 1:colcon.colcon_core.package_identification:_identify(src) by extensions ['ignore', 'ignore_ament_install']
[2.352s] Level 1:colcon.colcon_core.package_identification:_identify(src) by extension 'ignore'
[2.353s] Level 1:colcon.colcon_core.package_identification:_identify(src) by extension 'ignore_ament_install'
[2.353s] Level 1:colcon.colcon_core.package_identification:_identify(src) by extensions ['colcon_pkg']
[2.353s] Level 1:colcon.colcon_core.package_identification:_identify(src) by extension 'colcon_pkg'
[2.354s] Level 1:colcon.colcon_core.package_identification:_identify(src) by extensions ['colcon_meta']
[2.354s] Level 1:colcon.colcon_core.package_identification:_identify(src) by extension 'colcon_meta'
[2.354s] Level 1:colcon.colcon_core.package_identification:_identify(src) by extensions ['ros']
[2.354s] Level 1:colcon.colcon_core.package_identification:_identify(src) by extension 'ros'
[2.355s] Level 1:colcon.colcon_core.package_identification:_identify(src) by extensions ['cmake', 'python']
[2.355s] Level 1:colcon.colcon_core.package_identification:_identify(src) by extension 'cmake'
[2.355s] Level 1:colcon.colcon_core.package_identification:_identify(src) by extension 'python'
[2.355s] Level 1:colcon.colcon_core.package_identification:_identify(src) by extensions ['python_setup_py']
[2.356s] Level 1:colcon.colcon_core.package_identification:_identify(src) by extension 'python_setup_py'
[2.356s] Level 1:colcon.colcon_core.package_identification:_identify(src/fmgt1) by extensions ['ignore', 'ignore_ament_install']
[2.357s] Level 1:colcon.colcon_core.package_identification:_identify(src/fmgt1) by extension 'ignore'
[2.357s] Level 1:colcon.colcon_core.package_identification:_identify(src/fmgt1) by extension 'ignore_ament_install'
[2.358s] Level 1:colcon.colcon_core.package_identification:_identify(src/fmgt1) by extensions ['colcon_pkg']
[2.358s] Level 1:colcon.colcon_core.package_identification:_identify(src/fmgt1) by extension 'colcon_pkg'
[2.358s] Level 1:colcon.colcon_core.package_identification:_identify(src/fmgt1) by extensions ['colcon_meta']
[2.359s] Level 1:colcon.colcon_core.package_identification:_identify(src/fmgt1) by extension 'colcon_meta'
[2.359s] Level 1:colcon.colcon_core.package_identification:_identify(src/fmgt1) by extensions ['ros']
[2.359s] Level 1:colcon.colcon_core.package_identification:_identify(src/fmgt1) by extension 'ros'
[2.372s] DEBUG:colcon.colcon_core.package_identification:Package 'src/fmgt1' with type 'ros.ament_python' and name 'fmgt1'
[2.373s] Level 1:colcon.colcon_core.package_identification:_identify(src/fmgt2) by extensions ['ignore', 'ignore_ament_install']
[2.374s] Level 1:colcon.colcon_core.package_identification:_identify(src/fmgt2) by extension 'ignore'
[2.374s] Level 1:colcon.colcon_core.package_identification:_identify(src/fmgt2) by extension 'ignore_ament_install'
[2.375s] Level 1:colcon.colcon_core.package_identification:_identify(src/fmgt2) by extensions ['colcon_pkg']
[2.375s] Level 1:colcon.colcon_core.package_identification:_identify(src/fmgt2) by extension 'colcon_pkg'
[2.375s] Level 1:colcon.colcon_core.package_identification:_identify(src/fmgt2) by extensions ['colcon_meta']
[2.376s] Level 1:colcon.colcon_core.package_identification:_identify(src/fmgt2) by extension 'colcon_meta'
[2.376s] Level 1:colcon.colcon_core.package_identification:_identify(src/fmgt2) by extensions ['ros']
[2.376s] Level 1:colcon.colcon_core.package_identification:_identify(src/fmgt2) by extension 'ros'
[2.381s] DEBUG:colcon.colcon_core.package_identification:Package 'src/fmgt2' with type 'ros.ament_python' and name 'fmgt2'
[2.382s] Level 1:colcon.colcon_core.package_identification:_identify(src/fmgt3) by extensions ['ignore', 'ignore_ament_install']
[2.382s] Level 1:colcon.colcon_core.package_identification:_identify(src/fmgt3) by extension 'ignore'
[2.383s] Level 1:colcon.colcon_core.package_identification:_identify(src/fmgt3) by extension 'ignore_ament_install'
[2.383s] Level 1:colcon.colcon_core.package_identification:_identify(src/fmgt3) by extensions ['colcon_pkg']
[2.383s] Level 1:colcon.colcon_core.package_identification:_identify(src/fmgt3) by extension 'colcon_pkg'
[2.383s] Level 1:colcon.colcon_core.package_identification:_identify(src/fmgt3) by extensions ['colcon_meta']
[2.384s] Level 1:colcon.colcon_core.package_identification:_identify(src/fmgt3) by extension 'colcon_meta'
[2.384s] Level 1:colcon.colcon_core.package_identification:_identify(src/fmgt3) by extensions ['ros']
[2.384s] Level 1:colcon.colcon_core.package_identification:_identify(src/fmgt3) by extension 'ros'
[2.388s] DEBUG:colcon.colcon_core.package_identification:Package 'src/fmgt3' with type 'ros.ament_python' and name 'fmgt3'
[2.391s] Level 1:colcon.colcon_core.package_identification:_identify(src/fmgt4) by extensions ['ignore', 'ignore_ament_install']
[2.391s] Level 1:colcon.colcon_core.package_identification:_identify(src/fmgt4) by extension 'ignore'
[2.392s] Level 1:colcon.colcon_core.package_identification:_identify(src/fmgt4) by extension 'ignore_ament_install'
[2.392s] Level 1:colcon.colcon_core.package_identification:_identify(src/fmgt4) by extensions ['colcon_pkg']
[2.393s] Level 1:colcon.colcon_core.package_identification:_identify(src/fmgt4) by extension 'colcon_pkg'
[2.393s] Level 1:colcon.colcon_core.package_identification:_identify(src/fmgt4) by extensions ['colcon_meta']
[2.393s] Level 1:colcon.colcon_core.package_identification:_identify(src/fmgt4) by extension 'colcon_meta'
[2.394s] Level 1:colcon.colcon_core.package_identification:_identify(src/fmgt4) by extensions ['ros']
[2.394s] Level 1:colcon.colcon_core.package_identification:_identify(src/fmgt4) by extension 'ros'
[2.398s] DEBUG:colcon.colcon_core.package_identification:Package 'src/fmgt4' with type 'ros.ament_python' and name 'fmgt4'
[2.399s] Level 1:colcon.colcon_core.package_discovery:discover_packages(recursive) using defaults
[2.399s] Level 1:colcon.colcon_core.package_discovery:discover_packages(ignore) discover
[2.399s] Level 1:colcon.colcon_core.package_discovery:discover_packages(ignore) using defaults
[2.399s] Level 1:colcon.colcon_core.package_discovery:discover_packages(path) discover
[2.400s] Level 1:colcon.colcon_core.package_discovery:discover_packages(path) using defaults
[2.557s] INFO:colcon.colcon_core.package_selection:Skipping not selected package 'fmgt1' in 'src/fmgt1'
[2.558s] INFO:colcon.colcon_core.package_selection:Skipping not selected package 'fmgt2' in 'src/fmgt2'
[2.558s] INFO:colcon.colcon_core.package_selection:Skipping not selected package 'fmgt3' in 'src/fmgt3'
[2.560s] Level 1:colcon.colcon_core.package_discovery:discover_packages(prefix_path) check parameters
[2.560s] Level 1:colcon.colcon_core.package_discovery:discover_packages(prefix_path) discover
[2.581s] DEBUG:colcon.colcon_installed_package_information.package_discovery:Found 272 installed packages in /opt/ros/humble
[2.587s] Level 1:colcon.colcon_core.package_discovery:discover_packages(prefix_path) using defaults
[2.863s] Level 5:colcon.colcon_core.verb:set package 'fmgt4' build argument 'cmake_args' from command line to 'None'
[2.864s] Level 5:colcon.colcon_core.verb:set package 'fmgt4' build argument 'cmake_target' from command line to 'None'
[2.864s] Level 5:colcon.colcon_core.verb:set package 'fmgt4' build argument 'cmake_target_skip_unavailable' from command line to 'False'
[2.864s] Level 5:colcon.colcon_core.verb:set package 'fmgt4' build argument 'cmake_clean_cache' from command line to 'False'
[2.864s] Level 5:colcon.colcon_core.verb:set package 'fmgt4' build argument 'cmake_clean_first' from command line to 'False'
[2.866s] Level 5:colcon.colcon_core.verb:set package 'fmgt4' build argument 'cmake_force_configure' from command line to 'False'
[2.867s] Level 5:colcon.colcon_core.verb:set package 'fmgt4' build argument 'ament_cmake_args' from command line to 'None'
[2.867s] Level 5:colcon.colcon_core.verb:set package 'fmgt4' build argument 'catkin_cmake_args' from command line to 'None'
[2.867s] Level 5:colcon.colcon_core.verb:set package 'fmgt4' build argument 'catkin_skip_building_tests' from command line to 'False'
[2.867s] DEBUG:colcon.colcon_core.verb:Building package 'fmgt4' with the following arguments: {'ament_cmake_args': None, 'build_base': '/home/jy/fmgt/build/fmgt4', 'catkin_cmake_args': None, 'catkin_skip_building_tests': False, 'cmake_args': None, 'cmake_clean_cache': False, 'cmake_clean_first': False, 'cmake_force_configure': False, 'cmake_target': None, 'cmake_target_skip_unavailable': False, 'install_base': '/home/jy/fmgt/install/fmgt4', 'merge_install': False, 'path': '/home/jy/fmgt/src/fmgt4', 'symlink_install': True, 'test_result_base': None}
[2.868s] INFO:colcon.colcon_core.executor:Executing jobs using 'parallel' executor
[2.873s] DEBUG:colcon.colcon_parallel_executor.executor.parallel:run_until_complete
[2.874s] INFO:colcon.colcon_ros.task.ament_python.build:Building ROS package in '/home/jy/fmgt/src/fmgt4' with build type 'ament_python'
[2.875s] Level 1:colcon.colcon_core.shell:create_environment_hook('fmgt4', 'ament_prefix_path')
[2.890s] INFO:colcon.colcon_core.plugin_system:Skipping extension 'colcon_core.shell.bat': Not used on non-Windows systems
[2.892s] INFO:colcon.colcon_core.shell:Creating environment hook '/home/jy/fmgt/install/fmgt4/share/fmgt4/hook/ament_prefix_path.ps1'
[2.896s] INFO:colcon.colcon_core.shell:Creating environment descriptor '/home/jy/fmgt/install/fmgt4/share/fmgt4/hook/ament_prefix_path.dsv'
[2.899s] INFO:colcon.colcon_core.shell:Creating environment hook '/home/jy/fmgt/install/fmgt4/share/fmgt4/hook/ament_prefix_path.sh'
[2.905s] INFO:colcon.colcon_core.shell:Skip shell extension 'powershell' for command environment: Not usable outside of PowerShell
[2.905s] DEBUG:colcon.colcon_core.shell:Skip shell extension 'dsv' for command environment
[4.901s] INFO:colcon.colcon_core.task.python.build:Building Python package in '/home/jy/fmgt/src/fmgt4'
[4.902s] INFO:colcon.colcon_core.shell:Skip shell extension 'powershell' for command environment: Not usable outside of PowerShell
[4.903s] DEBUG:colcon.colcon_core.shell:Skip shell extension 'dsv' for command environment
[7.311s] DEBUG:colcon.colcon_core.event_handler.log_command:Invoking command in '/home/jy/fmgt/build/fmgt4': PYTHONPATH=/home/jy/fmgt/build/fmgt4/prefix_override:/usr/lib/python3/dist-packages/colcon_core/task/python/colcon_distutils_commands:/home/jy/fmgt/install/fmgt4/lib/python3.10/site-packages:${PYTHONPATH} /usr/bin/python3 -W ignore:setup.py install is deprecated -W ignore:easy_install command is deprecated setup.py develop --editable --build-directory /home/jy/fmgt/build/fmgt4/build --no-deps symlink_data
[11.088s] Level 1:colcon.colcon_core.shell:create_environment_hook('fmgt4', 'pythonpath_develop')
[11.089s] INFO:colcon.colcon_core.shell:Creating environment hook '/home/jy/fmgt/build/fmgt4/share/fmgt4/hook/pythonpath_develop.ps1'
[11.095s] INFO:colcon.colcon_core.shell:Creating environment descriptor '/home/jy/fmgt/build/fmgt4/share/fmgt4/hook/pythonpath_develop.dsv'
[11.102s] DEBUG:colcon.colcon_core.event_handler.log_command:Invoked command in '/home/jy/fmgt/build/fmgt4' returned '0': PYTHONPATH=/home/jy/fmgt/build/fmgt4/prefix_override:/usr/lib/python3/dist-packages/colcon_core/task/python/colcon_distutils_commands:/home/jy/fmgt/install/fmgt4/lib/python3.10/site-packages:${PYTHONPATH} /usr/bin/python3 -W ignore:setup.py install is deprecated -W ignore:easy_install command is deprecated setup.py develop --editable --build-directory /home/jy/fmgt/build/fmgt4/build --no-deps symlink_data
[11.104s] INFO:colcon.colcon_core.shell:Creating environment hook '/home/jy/fmgt/build/fmgt4/share/fmgt4/hook/pythonpath_develop.sh'
[11.128s] Level 1:colcon.colcon_core.environment:checking '/home/jy/fmgt/install/fmgt4' for CMake module files
[11.131s] Level 1:colcon.colcon_core.environment:checking '/home/jy/fmgt/install/fmgt4' for CMake config files
[11.135s] Level 1:colcon.colcon_core.environment:checking '/home/jy/fmgt/install/fmgt4/lib'
[11.137s] Level 1:colcon.colcon_core.environment:checking '/home/jy/fmgt/install/fmgt4/bin'
[11.139s] Level 1:colcon.colcon_core.environment:checking '/home/jy/fmgt/install/fmgt4/lib/pkgconfig/fmgt4.pc'
[11.141s] Level 1:colcon.colcon_core.environment:checking '/home/jy/fmgt/install/fmgt4/lib/python3.10/site-packages'
[11.142s] Level 1:colcon.colcon_core.shell:create_environment_hook('fmgt4', 'pythonpath')
[11.144s] INFO:colcon.colcon_core.shell:Creating environment hook '/home/jy/fmgt/install/fmgt4/share/fmgt4/hook/pythonpath.ps1'
[11.150s] INFO:colcon.colcon_core.shell:Creating environment descriptor '/home/jy/fmgt/install/fmgt4/share/fmgt4/hook/pythonpath.dsv'
[11.154s] INFO:colcon.colcon_core.shell:Creating environment hook '/home/jy/fmgt/install/fmgt4/share/fmgt4/hook/pythonpath.sh'
[11.160s] Level 1:colcon.colcon_core.environment:checking '/home/jy/fmgt/install/fmgt4/bin'
[11.161s] Level 1:colcon.colcon_core.environment:create_environment_scripts_only(fmgt4)
[11.165s] INFO:colcon.colcon_core.shell:Creating package script '/home/jy/fmgt/install/fmgt4/share/fmgt4/package.ps1'
[11.176s] INFO:colcon.colcon_core.shell:Creating package descriptor '/home/jy/fmgt/install/fmgt4/share/fmgt4/package.dsv'
[11.182s] INFO:colcon.colcon_core.shell:Creating package script '/home/jy/fmgt/install/fmgt4/share/fmgt4/package.sh'
[11.187s] INFO:colcon.colcon_core.shell:Creating package script '/home/jy/fmgt/install/fmgt4/share/fmgt4/package.bash'
[11.194s] INFO:colcon.colcon_core.shell:Creating package script '/home/jy/fmgt/install/fmgt4/share/fmgt4/package.zsh'
[11.199s] Level 1:colcon.colcon_core.environment:create_file_with_runtime_dependencies(/home/jy/fmgt/install/fmgt4/share/colcon-core/packages/fmgt4)
[11.207s] DEBUG:colcon.colcon_parallel_executor.executor.parallel:closing loop
[11.210s] DEBUG:colcon.colcon_parallel_executor.executor.parallel:loop closed
[11.212s] DEBUG:colcon.colcon_parallel_executor.executor.parallel:run_until_complete finished with '0'
[11.213s] DEBUG:colcon.colcon_core.event_reactor:joining thread
[11.246s] INFO:colcon.colcon_core.plugin_system:Skipping extension 'colcon_notification.desktop_notification.terminal_notifier': Not used on non-Darwin systems
[11.247s] INFO:colcon.colcon_core.plugin_system:Skipping extension 'colcon_notification.desktop_notification.win32': Not used on non-Windows systems
[11.248s] INFO:colcon.colcon_notification.desktop_notification:Sending desktop notification using 'notify2'
[11.327s] DEBUG:colcon.colcon_core.event_reactor:joined thread
[11.328s] INFO:colcon.colcon_core.shell:Creating prefix script '/home/jy/fmgt/install/local_setup.ps1'
[11.334s] INFO:colcon.colcon_core.shell:Creating prefix util module '/home/jy/fmgt/install/_local_setup_util_ps1.py'
[11.349s] INFO:colcon.colcon_core.shell:Creating prefix chain script '/home/jy/fmgt/install/setup.ps1'
[11.361s] INFO:colcon.colcon_core.shell:Creating prefix script '/home/jy/fmgt/install/local_setup.sh'
[11.368s] INFO:colcon.colcon_core.shell:Creating prefix util module '/home/jy/fmgt/install/_local_setup_util_sh.py'
[11.373s] INFO:colcon.colcon_core.shell:Creating prefix chain script '/home/jy/fmgt/install/setup.sh'
[11.383s] INFO:colcon.colcon_core.shell:Creating prefix script '/home/jy/fmgt/install/local_setup.bash'
[11.388s] INFO:colcon.colcon_core.shell:Creating prefix chain script '/home/jy/fmgt/install/setup.bash'
[11.396s] INFO:colcon.colcon_core.shell:Creating prefix script '/home/jy/fmgt/install/local_setup.zsh'
[11.401s] INFO:colcon.colcon_core.shell:Creating prefix chain script '/home/jy/fmgt/install/setup.zsh'
