running develop
running egg_info
creating fmgt1.egg-info
writing fmgt1.egg-info/PKG-INFO
writing dependency_links to fmgt1.egg-info/dependency_links.txt
writing entry points to fmgt1.egg-info/entry_points.txt
writing requirements to fmgt1.egg-info/requires.txt
writing top-level names to fmgt1.egg-info/top_level.txt
writing manifest file 'fmgt1.egg-info/SOURCES.txt'
reading manifest file 'fmgt1.egg-info/SOURCES.txt'
writing manifest file 'fmgt1.egg-info/SOURCES.txt'
running build_ext
Creating /home/jy/fmgt/install/fmgt1/lib/python3.10/site-packages/fmgt1.egg-link (link to .)
Installing calculator script to /home/jy/fmgt/install/fmgt1/lib/fmgt1
Installing controller script to /home/jy/fmgt/install/fmgt1/lib/fmgt1
Installing publisher script to /home/jy/fmgt/install/fmgt1/lib/fmgt1

Installed /home/jy/fmgt/build/fmgt1
running symlink_data
creating /home/jy/fmgt/install/fmgt1/share/ament_index
creating /home/jy/fmgt/install/fmgt1/share/ament_index/resource_index
creating /home/jy/fmgt/install/fmgt1/share/ament_index/resource_index/packages
symbolically linking /home/jy/fmgt/build/fmgt1/resource/fmgt1 -> /home/jy/fmgt/install/fmgt1/share/ament_index/resource_index/packages
symbolically linking /home/jy/fmgt/build/fmgt1/package.xml -> /home/jy/fmgt/install/fmgt1/share/fmgt1
