[6.886s] Invoking command in '/home/jy/fmgt/build/fmgt1': PYTHONPATH=/home/jy/fmgt/build/fmgt1/prefix_override:/usr/lib/python3/dist-packages/colcon_core/task/python/colcon_distutils_commands:/home/jy/fmgt/install/fmgt1/lib/python3.10/site-packages:${PYTHONPATH} /usr/bin/python3 -W ignore:setup.py install is deprecated -W ignore:easy_install command is deprecated setup.py develop --editable --build-directory /home/jy/fmgt/build/fmgt1/build --no-deps symlink_data
[9.848s] running develop
[11.700s] running egg_info
[11.722s] creating fmgt1.egg-info
[11.726s] writing fmgt1.egg-info/PKG-INFO
[11.727s] writing dependency_links to fmgt1.egg-info/dependency_links.txt
[11.729s] writing entry points to fmgt1.egg-info/entry_points.txt
[11.731s] writing requirements to fmgt1.egg-info/requires.txt
[11.731s] writing top-level names to fmgt1.egg-info/top_level.txt
[11.733s] writing manifest file 'fmgt1.egg-info/SOURCES.txt'
[11.733s] reading manifest file 'fmgt1.egg-info/SOURCES.txt'
[11.734s] writing manifest file 'fmgt1.egg-info/SOURCES.txt'
[11.738s] running build_ext
[11.739s] Creating /home/jy/fmgt/install/fmgt1/lib/python3.10/site-packages/fmgt1.egg-link (link to .)
[11.748s] Installing calculator script to /home/jy/fmgt/install/fmgt1/lib/fmgt1
[11.749s] Installing controller script to /home/jy/fmgt/install/fmgt1/lib/fmgt1
[11.751s] Installing publisher script to /home/jy/fmgt/install/fmgt1/lib/fmgt1
[11.753s] 
[11.753s] Installed /home/jy/fmgt/build/fmgt1
[11.754s] running symlink_data
[11.763s] creating /home/jy/fmgt/install/fmgt1/share/ament_index
[11.764s] creating /home/jy/fmgt/install/fmgt1/share/ament_index/resource_index
[11.765s] creating /home/jy/fmgt/install/fmgt1/share/ament_index/resource_index/packages
[11.766s] symbolically linking /home/jy/fmgt/build/fmgt1/resource/fmgt1 -> /home/jy/fmgt/install/fmgt1/share/ament_index/resource_index/packages
[11.768s] symbolically linking /home/jy/fmgt/build/fmgt1/package.xml -> /home/jy/fmgt/install/fmgt1/share/fmgt1
[11.985s] Invoked command in '/home/jy/fmgt/build/fmgt1' returned '0': PYTHONPATH=/home/jy/fmgt/build/fmgt1/prefix_override:/usr/lib/python3/dist-packages/colcon_core/task/python/colcon_distutils_commands:/home/jy/fmgt/install/fmgt1/lib/python3.10/site-packages:${PYTHONPATH} /usr/bin/python3 -W ignore:setup.py install is deprecated -W ignore:easy_install command is deprecated setup.py develop --editable --build-directory /home/jy/fmgt/build/fmgt1/build --no-deps symlink_data
