[0.871s] DEBUG:colcon:Command line arguments: ['/usr/bin/colcon', 'build', '--packages-select', 'fmgt4', '--symlink-install']
[0.872s] DEBUG:colcon:Parsed command line arguments: Namespace(log_base=None, log_level=None, verb_name='build', build_base='build', install_base='install', merge_install=False, symlink_install=True, test_result_base=None, continue_on_error=False, executor='parallel', parallel_workers=4, event_handlers=None, ignore_user_meta=False, metas=['./colcon.meta'], base_paths=['.'], packages_ignore=None, packages_ignore_regex=None, paths=None, packages_up_to=None, packages_up_to_regex=None, packages_above=None, packages_above_and_dependencies=None, packages_above_depth=None, packages_select_by_dep=None, packages_skip_by_dep=None, packages_skip_up_to=None, packages_select_build_failed=False, packages_skip_build_finished=False, packages_select_test_failures=False, packages_skip_test_passed=False, packages_select=['fmgt4'], packages_skip=None, packages_select_regex=None, packages_skip_regex=None, packages_start=None, packages_end=None, allow_overriding=[], cmake_args=None, cmake_target=None, cmake_target_skip_unavailable=False, cmake_clean_cache=False, cmake_clean_first=False, cmake_force_configure=False, ament_cmake_args=None, catkin_cmake_args=None, catkin_skip_building_tests=False, mixin_files=None, mixin=None, verb_parser=<colcon_mixin.mixin.mixin_argument.MixinArgumentDecorator object at 0xffff811dd420>, verb_extension=<colcon_core.verb.build.BuildVerb object at 0xffff81382320>, main=<bound method BuildVerb.main of <colcon_core.verb.build.BuildVerb object at 0xffff81382320>>, mixin_verb=('build',))
[2.290s] Level 1:colcon.colcon_core.package_discovery:discover_packages(colcon_meta) check parameters
[2.292s] Level 1:colcon.colcon_core.package_discovery:discover_packages(recursive) check parameters
[2.292s] Level 1:colcon.colcon_core.package_discovery:discover_packages(ignore) check parameters
[2.293s] Level 1:colcon.colcon_core.package_discovery:discover_packages(path) check parameters
[2.294s] Level 1:colcon.colcon_core.package_discovery:discover_packages(colcon_meta) discover
[2.294s] Level 1:colcon.colcon_core.package_discovery:discover_packages(recursive) discover
[2.295s] INFO:colcon.colcon_core.package_discovery:Crawling recursively for packages in '/home/jy/fmgt'
[2.296s] Level 1:colcon.colcon_core.package_identification:_identify(.) by extensions ['ignore', 'ignore_ament_install']
[2.297s] Level 1:colcon.colcon_core.package_identification:_identify(.) by extension 'ignore'
[2.298s] Level 1:colcon.colcon_core.package_identification:_identify(.) by extension 'ignore_ament_install'
[2.299s] Level 1:colcon.colcon_core.package_identification:_identify(.) by extensions ['colcon_pkg']
[2.299s] Level 1:colcon.colcon_core.package_identification:_identify(.) by extension 'colcon_pkg'
[2.300s] Level 1:colcon.colcon_core.package_identification:_identify(.) by extensions ['colcon_meta']
[2.301s] Level 1:colcon.colcon_core.package_identification:_identify(.) by extension 'colcon_meta'
[2.302s] Level 1:colcon.colcon_core.package_identification:_identify(.) by extensions ['ros']
[2.303s] Level 1:colcon.colcon_core.package_identification:_identify(.) by extension 'ros'
[2.364s] Level 1:colcon.colcon_core.package_identification:_identify(.) by extensions ['cmake', 'python']
[2.365s] Level 1:colcon.colcon_core.package_identification:_identify(.) by extension 'cmake'
[2.368s] Level 1:colcon.colcon_core.package_identification:_identify(.) by extension 'python'
[2.370s] Level 1:colcon.colcon_core.package_identification:_identify(.) by extensions ['python_setup_py']
[2.370s] Level 1:colcon.colcon_core.package_identification:_identify(.) by extension 'python_setup_py'
[2.372s] Level 1:colcon.colcon_core.package_identification:_identify(build) by extensions ['ignore', 'ignore_ament_install']
[2.373s] Level 1:colcon.colcon_core.package_identification:_identify(build) by extension 'ignore'
[2.374s] Level 1:colcon.colcon_core.package_identification:_identify(build) ignored
[2.375s] Level 1:colcon.colcon_core.package_identification:_identify(install) by extensions ['ignore', 'ignore_ament_install']
[2.377s] Level 1:colcon.colcon_core.package_identification:_identify(install) by extension 'ignore'
[2.378s] Level 1:colcon.colcon_core.package_identification:_identify(install) ignored
[2.379s] Level 1:colcon.colcon_core.package_identification:_identify(log) by extensions ['ignore', 'ignore_ament_install']
[2.380s] Level 1:colcon.colcon_core.package_identification:_identify(log) by extension 'ignore'
[2.381s] Level 1:colcon.colcon_core.package_identification:_identify(log) ignored
[2.383s] Level 1:colcon.colcon_core.package_identification:_identify(src) by extensions ['ignore', 'ignore_ament_install']
[2.384s] Level 1:colcon.colcon_core.package_identification:_identify(src) by extension 'ignore'
[2.385s] Level 1:colcon.colcon_core.package_identification:_identify(src) by extension 'ignore_ament_install'
[2.385s] Level 1:colcon.colcon_core.package_identification:_identify(src) by extensions ['colcon_pkg']
[2.386s] Level 1:colcon.colcon_core.package_identification:_identify(src) by extension 'colcon_pkg'
[2.387s] Level 1:colcon.colcon_core.package_identification:_identify(src) by extensions ['colcon_meta']
[2.388s] Level 1:colcon.colcon_core.package_identification:_identify(src) by extension 'colcon_meta'
[2.388s] Level 1:colcon.colcon_core.package_identification:_identify(src) by extensions ['ros']
[2.389s] Level 1:colcon.colcon_core.package_identification:_identify(src) by extension 'ros'
[2.390s] Level 1:colcon.colcon_core.package_identification:_identify(src) by extensions ['cmake', 'python']
[2.391s] Level 1:colcon.colcon_core.package_identification:_identify(src) by extension 'cmake'
[2.392s] Level 1:colcon.colcon_core.package_identification:_identify(src) by extension 'python'
[2.392s] Level 1:colcon.colcon_core.package_identification:_identify(src) by extensions ['python_setup_py']
[2.393s] Level 1:colcon.colcon_core.package_identification:_identify(src) by extension 'python_setup_py'
[2.395s] Level 1:colcon.colcon_core.package_identification:_identify(src/fmgt1) by extensions ['ignore', 'ignore_ament_install']
[2.396s] Level 1:colcon.colcon_core.package_identification:_identify(src/fmgt1) by extension 'ignore'
[2.397s] Level 1:colcon.colcon_core.package_identification:_identify(src/fmgt1) by extension 'ignore_ament_install'
[2.398s] Level 1:colcon.colcon_core.package_identification:_identify(src/fmgt1) by extensions ['colcon_pkg']
[2.399s] Level 1:colcon.colcon_core.package_identification:_identify(src/fmgt1) by extension 'colcon_pkg'
[2.400s] Level 1:colcon.colcon_core.package_identification:_identify(src/fmgt1) by extensions ['colcon_meta']
[2.400s] Level 1:colcon.colcon_core.package_identification:_identify(src/fmgt1) by extension 'colcon_meta'
[2.401s] Level 1:colcon.colcon_core.package_identification:_identify(src/fmgt1) by extensions ['ros']
[2.402s] Level 1:colcon.colcon_core.package_identification:_identify(src/fmgt1) by extension 'ros'
[2.416s] DEBUG:colcon.colcon_core.package_identification:Package 'src/fmgt1' with type 'ros.ament_python' and name 'fmgt1'
[2.418s] Level 1:colcon.colcon_core.package_identification:_identify(src/fmgt2) by extensions ['ignore', 'ignore_ament_install']
[2.419s] Level 1:colcon.colcon_core.package_identification:_identify(src/fmgt2) by extension 'ignore'
[2.419s] Level 1:colcon.colcon_core.package_identification:_identify(src/fmgt2) by extension 'ignore_ament_install'
[2.420s] Level 1:colcon.colcon_core.package_identification:_identify(src/fmgt2) by extensions ['colcon_pkg']
[2.421s] Level 1:colcon.colcon_core.package_identification:_identify(src/fmgt2) by extension 'colcon_pkg'
[2.422s] Level 1:colcon.colcon_core.package_identification:_identify(src/fmgt2) by extensions ['colcon_meta']
[2.422s] Level 1:colcon.colcon_core.package_identification:_identify(src/fmgt2) by extension 'colcon_meta'
[2.423s] Level 1:colcon.colcon_core.package_identification:_identify(src/fmgt2) by extensions ['ros']
[2.424s] Level 1:colcon.colcon_core.package_identification:_identify(src/fmgt2) by extension 'ros'
[2.429s] DEBUG:colcon.colcon_core.package_identification:Package 'src/fmgt2' with type 'ros.ament_python' and name 'fmgt2'
[2.430s] Level 1:colcon.colcon_core.package_identification:_identify(src/fmgt3) by extensions ['ignore', 'ignore_ament_install']
[2.431s] Level 1:colcon.colcon_core.package_identification:_identify(src/fmgt3) by extension 'ignore'
[2.433s] Level 1:colcon.colcon_core.package_identification:_identify(src/fmgt3) by extension 'ignore_ament_install'
[2.433s] Level 1:colcon.colcon_core.package_identification:_identify(src/fmgt3) by extensions ['colcon_pkg']
[2.434s] Level 1:colcon.colcon_core.package_identification:_identify(src/fmgt3) by extension 'colcon_pkg'
[2.435s] Level 1:colcon.colcon_core.package_identification:_identify(src/fmgt3) by extensions ['colcon_meta']
[2.436s] Level 1:colcon.colcon_core.package_identification:_identify(src/fmgt3) by extension 'colcon_meta'
[2.437s] Level 1:colcon.colcon_core.package_identification:_identify(src/fmgt3) by extensions ['ros']
[2.438s] Level 1:colcon.colcon_core.package_identification:_identify(src/fmgt3) by extension 'ros'
[2.442s] DEBUG:colcon.colcon_core.package_identification:Package 'src/fmgt3' with type 'ros.ament_python' and name 'fmgt3'
[2.444s] Level 1:colcon.colcon_core.package_identification:_identify(src/fmgt4) by extensions ['ignore', 'ignore_ament_install']
[2.445s] Level 1:colcon.colcon_core.package_identification:_identify(src/fmgt4) by extension 'ignore'
[2.446s] Level 1:colcon.colcon_core.package_identification:_identify(src/fmgt4) by extension 'ignore_ament_install'
[2.447s] Level 1:colcon.colcon_core.package_identification:_identify(src/fmgt4) by extensions ['colcon_pkg']
[2.448s] Level 1:colcon.colcon_core.package_identification:_identify(src/fmgt4) by extension 'colcon_pkg'
[2.449s] Level 1:colcon.colcon_core.package_identification:_identify(src/fmgt4) by extensions ['colcon_meta']
[2.450s] Level 1:colcon.colcon_core.package_identification:_identify(src/fmgt4) by extension 'colcon_meta'
[2.451s] Level 1:colcon.colcon_core.package_identification:_identify(src/fmgt4) by extensions ['ros']
[2.451s] Level 1:colcon.colcon_core.package_identification:_identify(src/fmgt4) by extension 'ros'
[2.456s] DEBUG:colcon.colcon_core.package_identification:Package 'src/fmgt4' with type 'ros.ament_python' and name 'fmgt4'
[2.457s] Level 1:colcon.colcon_core.package_discovery:discover_packages(recursive) using defaults
[2.458s] Level 1:colcon.colcon_core.package_discovery:discover_packages(ignore) discover
[2.459s] Level 1:colcon.colcon_core.package_discovery:discover_packages(ignore) using defaults
[2.460s] Level 1:colcon.colcon_core.package_discovery:discover_packages(path) discover
[2.460s] Level 1:colcon.colcon_core.package_discovery:discover_packages(path) using defaults
[2.624s] INFO:colcon.colcon_core.package_selection:Skipping not selected package 'fmgt1' in 'src/fmgt1'
[2.625s] INFO:colcon.colcon_core.package_selection:Skipping not selected package 'fmgt2' in 'src/fmgt2'
[2.625s] INFO:colcon.colcon_core.package_selection:Skipping not selected package 'fmgt3' in 'src/fmgt3'
[2.628s] Level 1:colcon.colcon_core.package_discovery:discover_packages(prefix_path) check parameters
[2.629s] Level 1:colcon.colcon_core.package_discovery:discover_packages(prefix_path) discover
[2.648s] DEBUG:colcon.colcon_installed_package_information.package_discovery:Found 272 installed packages in /opt/ros/humble
[2.656s] Level 1:colcon.colcon_core.package_discovery:discover_packages(prefix_path) using defaults
[2.928s] Level 5:colcon.colcon_core.verb:set package 'fmgt4' build argument 'cmake_args' from command line to 'None'
[2.928s] Level 5:colcon.colcon_core.verb:set package 'fmgt4' build argument 'cmake_target' from command line to 'None'
[2.929s] Level 5:colcon.colcon_core.verb:set package 'fmgt4' build argument 'cmake_target_skip_unavailable' from command line to 'False'
[2.930s] Level 5:colcon.colcon_core.verb:set package 'fmgt4' build argument 'cmake_clean_cache' from command line to 'False'
[2.931s] Level 5:colcon.colcon_core.verb:set package 'fmgt4' build argument 'cmake_clean_first' from command line to 'False'
[2.932s] Level 5:colcon.colcon_core.verb:set package 'fmgt4' build argument 'cmake_force_configure' from command line to 'False'
[2.932s] Level 5:colcon.colcon_core.verb:set package 'fmgt4' build argument 'ament_cmake_args' from command line to 'None'
[2.933s] Level 5:colcon.colcon_core.verb:set package 'fmgt4' build argument 'catkin_cmake_args' from command line to 'None'
[2.934s] Level 5:colcon.colcon_core.verb:set package 'fmgt4' build argument 'catkin_skip_building_tests' from command line to 'False'
[2.935s] DEBUG:colcon.colcon_core.verb:Building package 'fmgt4' with the following arguments: {'ament_cmake_args': None, 'build_base': '/home/jy/fmgt/build/fmgt4', 'catkin_cmake_args': None, 'catkin_skip_building_tests': False, 'cmake_args': None, 'cmake_clean_cache': False, 'cmake_clean_first': False, 'cmake_force_configure': False, 'cmake_target': None, 'cmake_target_skip_unavailable': False, 'install_base': '/home/jy/fmgt/install/fmgt4', 'merge_install': False, 'path': '/home/jy/fmgt/src/fmgt4', 'symlink_install': True, 'test_result_base': None}
[2.936s] INFO:colcon.colcon_core.executor:Executing jobs using 'parallel' executor
[2.942s] DEBUG:colcon.colcon_parallel_executor.executor.parallel:run_until_complete
[2.945s] INFO:colcon.colcon_ros.task.ament_python.build:Building ROS package in '/home/jy/fmgt/src/fmgt4' with build type 'ament_python'
[2.947s] Level 1:colcon.colcon_core.shell:create_environment_hook('fmgt4', 'ament_prefix_path')
[2.964s] INFO:colcon.colcon_core.plugin_system:Skipping extension 'colcon_core.shell.bat': Not used on non-Windows systems
[2.966s] INFO:colcon.colcon_core.shell:Creating environment hook '/home/jy/fmgt/install/fmgt4/share/fmgt4/hook/ament_prefix_path.ps1'
[2.975s] INFO:colcon.colcon_core.shell:Creating environment descriptor '/home/jy/fmgt/install/fmgt4/share/fmgt4/hook/ament_prefix_path.dsv'
[2.984s] INFO:colcon.colcon_core.shell:Creating environment hook '/home/jy/fmgt/install/fmgt4/share/fmgt4/hook/ament_prefix_path.sh'
[2.996s] INFO:colcon.colcon_core.shell:Skip shell extension 'powershell' for command environment: Not usable outside of PowerShell
[2.997s] DEBUG:colcon.colcon_core.shell:Skip shell extension 'dsv' for command environment
[5.045s] INFO:colcon.colcon_core.task.python.build:Building Python package in '/home/jy/fmgt/src/fmgt4'
[5.047s] INFO:colcon.colcon_core.shell:Skip shell extension 'powershell' for command environment: Not usable outside of PowerShell
[5.048s] DEBUG:colcon.colcon_core.shell:Skip shell extension 'dsv' for command environment
[7.239s] DEBUG:colcon.colcon_core.event_handler.log_command:Invoking command in '/home/jy/fmgt/build/fmgt4': PYTHONPATH=/home/jy/fmgt/build/fmgt4/prefix_override:/usr/lib/python3/dist-packages/colcon_core/task/python/colcon_distutils_commands:/home/jy/fmgt/install/fmgt4/lib/python3.10/site-packages:${PYTHONPATH} /usr/bin/python3 -W ignore:setup.py install is deprecated -W ignore:easy_install command is deprecated setup.py develop --editable --build-directory /home/jy/fmgt/build/fmgt4/build --no-deps symlink_data
[9.981s] Level 1:colcon.colcon_core.shell:create_environment_hook('fmgt4', 'pythonpath_develop')
[9.983s] INFO:colcon.colcon_core.shell:Creating environment hook '/home/jy/fmgt/build/fmgt4/share/fmgt4/hook/pythonpath_develop.ps1'
[9.985s] INFO:colcon.colcon_core.shell:Creating environment descriptor '/home/jy/fmgt/build/fmgt4/share/fmgt4/hook/pythonpath_develop.dsv'
[9.987s] INFO:colcon.colcon_core.shell:Creating environment hook '/home/jy/fmgt/build/fmgt4/share/fmgt4/hook/pythonpath_develop.sh'
[9.991s] DEBUG:colcon.colcon_core.event_handler.log_command:Invoked command in '/home/jy/fmgt/build/fmgt4' returned '0': PYTHONPATH=/home/jy/fmgt/build/fmgt4/prefix_override:/usr/lib/python3/dist-packages/colcon_core/task/python/colcon_distutils_commands:/home/jy/fmgt/install/fmgt4/lib/python3.10/site-packages:${PYTHONPATH} /usr/bin/python3 -W ignore:setup.py install is deprecated -W ignore:easy_install command is deprecated setup.py develop --editable --build-directory /home/jy/fmgt/build/fmgt4/build --no-deps symlink_data
[10.004s] Level 1:colcon.colcon_core.environment:checking '/home/jy/fmgt/install/fmgt4' for CMake module files
[10.007s] Level 1:colcon.colcon_core.environment:checking '/home/jy/fmgt/install/fmgt4' for CMake config files
[10.011s] Level 1:colcon.colcon_core.environment:checking '/home/jy/fmgt/install/fmgt4/lib'
[10.012s] Level 1:colcon.colcon_core.environment:checking '/home/jy/fmgt/install/fmgt4/bin'
[10.013s] Level 1:colcon.colcon_core.environment:checking '/home/jy/fmgt/install/fmgt4/lib/pkgconfig/fmgt4.pc'
[10.015s] Level 1:colcon.colcon_core.environment:checking '/home/jy/fmgt/install/fmgt4/lib/python3.10/site-packages'
[10.016s] Level 1:colcon.colcon_core.shell:create_environment_hook('fmgt4', 'pythonpath')
[10.017s] INFO:colcon.colcon_core.shell:Creating environment hook '/home/jy/fmgt/install/fmgt4/share/fmgt4/hook/pythonpath.ps1'
[10.021s] INFO:colcon.colcon_core.shell:Creating environment descriptor '/home/jy/fmgt/install/fmgt4/share/fmgt4/hook/pythonpath.dsv'
[10.024s] INFO:colcon.colcon_core.shell:Creating environment hook '/home/jy/fmgt/install/fmgt4/share/fmgt4/hook/pythonpath.sh'
[10.028s] Level 1:colcon.colcon_core.environment:checking '/home/jy/fmgt/install/fmgt4/bin'
[10.029s] Level 1:colcon.colcon_core.environment:create_environment_scripts_only(fmgt4)
[10.030s] INFO:colcon.colcon_core.shell:Creating package script '/home/jy/fmgt/install/fmgt4/share/fmgt4/package.ps1'
[10.039s] INFO:colcon.colcon_core.shell:Creating package descriptor '/home/jy/fmgt/install/fmgt4/share/fmgt4/package.dsv'
[10.043s] INFO:colcon.colcon_core.shell:Creating package script '/home/jy/fmgt/install/fmgt4/share/fmgt4/package.sh'
[10.047s] INFO:colcon.colcon_core.shell:Creating package script '/home/jy/fmgt/install/fmgt4/share/fmgt4/package.bash'
[10.051s] INFO:colcon.colcon_core.shell:Creating package script '/home/jy/fmgt/install/fmgt4/share/fmgt4/package.zsh'
[10.055s] Level 1:colcon.colcon_core.environment:create_file_with_runtime_dependencies(/home/jy/fmgt/install/fmgt4/share/colcon-core/packages/fmgt4)
[10.057s] DEBUG:colcon.colcon_parallel_executor.executor.parallel:closing loop
[10.058s] DEBUG:colcon.colcon_parallel_executor.executor.parallel:loop closed
[10.058s] DEBUG:colcon.colcon_parallel_executor.executor.parallel:run_until_complete finished with '0'
[10.059s] DEBUG:colcon.colcon_core.event_reactor:joining thread
[10.087s] INFO:colcon.colcon_core.plugin_system:Skipping extension 'colcon_notification.desktop_notification.terminal_notifier': Not used on non-Darwin systems
[10.088s] INFO:colcon.colcon_core.plugin_system:Skipping extension 'colcon_notification.desktop_notification.win32': Not used on non-Windows systems
[10.088s] INFO:colcon.colcon_notification.desktop_notification:Sending desktop notification using 'notify2'
[10.136s] DEBUG:colcon.colcon_core.event_reactor:joined thread
[10.137s] INFO:colcon.colcon_core.shell:Creating prefix script '/home/jy/fmgt/install/local_setup.ps1'
[10.142s] INFO:colcon.colcon_core.shell:Creating prefix util module '/home/jy/fmgt/install/_local_setup_util_ps1.py'
[10.150s] INFO:colcon.colcon_core.shell:Creating prefix chain script '/home/jy/fmgt/install/setup.ps1'
[10.157s] INFO:colcon.colcon_core.shell:Creating prefix script '/home/jy/fmgt/install/local_setup.sh'
[10.161s] INFO:colcon.colcon_core.shell:Creating prefix util module '/home/jy/fmgt/install/_local_setup_util_sh.py'
[10.165s] INFO:colcon.colcon_core.shell:Creating prefix chain script '/home/jy/fmgt/install/setup.sh'
[10.171s] INFO:colcon.colcon_core.shell:Creating prefix script '/home/jy/fmgt/install/local_setup.bash'
[10.175s] INFO:colcon.colcon_core.shell:Creating prefix chain script '/home/jy/fmgt/install/setup.bash'
[10.181s] INFO:colcon.colcon_core.shell:Creating prefix script '/home/jy/fmgt/install/local_setup.zsh'
[10.185s] INFO:colcon.colcon_core.shell:Creating prefix chain script '/home/jy/fmgt/install/setup.zsh'
