[0.559s] DEBUG:colcon:Command line arguments: ['/usr/bin/colcon', 'build', '--packages-select', 'fmgt4', '--symlink-install']
[0.559s] DEBUG:colcon:Parsed command line arguments: Namespace(log_base=None, log_level=None, verb_name='build', build_base='build', install_base='install', merge_install=False, symlink_install=True, test_result_base=None, continue_on_error=False, executor='parallel', parallel_workers=4, event_handlers=None, ignore_user_meta=False, metas=['./colcon.meta'], base_paths=['.'], packages_ignore=None, packages_ignore_regex=None, paths=None, packages_up_to=None, packages_up_to_regex=None, packages_above=None, packages_above_and_dependencies=None, packages_above_depth=None, packages_select_by_dep=None, packages_skip_by_dep=None, packages_skip_up_to=None, packages_select_build_failed=False, packages_skip_build_finished=False, packages_select_test_failures=False, packages_skip_test_passed=False, packages_select=['fmgt4'], packages_skip=None, packages_select_regex=None, packages_skip_regex=None, packages_start=None, packages_end=None, allow_overriding=[], cmake_args=None, cmake_target=None, cmake_target_skip_unavailable=False, cmake_clean_cache=False, cmake_clean_first=False, cmake_force_configure=False, ament_cmake_args=None, catkin_cmake_args=None, catkin_skip_building_tests=False, mixin_files=None, mixin=None, verb_parser=<colcon_mixin.mixin.mixin_argument.MixinArgumentDecorator object at 0xffffa9f9d420>, verb_extension=<colcon_core.verb.build.BuildVerb object at 0xffffaa142320>, main=<bound method BuildVerb.main of <colcon_core.verb.build.BuildVerb object at 0xffffaa142320>>, mixin_verb=('build',))
[1.548s] Level 1:colcon.colcon_core.package_discovery:discover_packages(colcon_meta) check parameters
[1.549s] Level 1:colcon.colcon_core.package_discovery:discover_packages(recursive) check parameters
[1.550s] Level 1:colcon.colcon_core.package_discovery:discover_packages(ignore) check parameters
[1.550s] Level 1:colcon.colcon_core.package_discovery:discover_packages(path) check parameters
[1.551s] Level 1:colcon.colcon_core.package_discovery:discover_packages(colcon_meta) discover
[1.551s] Level 1:colcon.colcon_core.package_discovery:discover_packages(recursive) discover
[1.552s] INFO:colcon.colcon_core.package_discovery:Crawling recursively for packages in '/home/jy/fmgt'
[1.553s] Level 1:colcon.colcon_core.package_identification:_identify(.) by extensions ['ignore', 'ignore_ament_install']
[1.554s] Level 1:colcon.colcon_core.package_identification:_identify(.) by extension 'ignore'
[1.555s] Level 1:colcon.colcon_core.package_identification:_identify(.) by extension 'ignore_ament_install'
[1.555s] Level 1:colcon.colcon_core.package_identification:_identify(.) by extensions ['colcon_pkg']
[1.556s] Level 1:colcon.colcon_core.package_identification:_identify(.) by extension 'colcon_pkg'
[1.556s] Level 1:colcon.colcon_core.package_identification:_identify(.) by extensions ['colcon_meta']
[1.557s] Level 1:colcon.colcon_core.package_identification:_identify(.) by extension 'colcon_meta'
[1.558s] Level 1:colcon.colcon_core.package_identification:_identify(.) by extensions ['ros']
[1.558s] Level 1:colcon.colcon_core.package_identification:_identify(.) by extension 'ros'
[1.608s] Level 1:colcon.colcon_core.package_identification:_identify(.) by extensions ['cmake', 'python']
[1.609s] Level 1:colcon.colcon_core.package_identification:_identify(.) by extension 'cmake'
[1.609s] Level 1:colcon.colcon_core.package_identification:_identify(.) by extension 'python'
[1.610s] Level 1:colcon.colcon_core.package_identification:_identify(.) by extensions ['python_setup_py']
[1.610s] Level 1:colcon.colcon_core.package_identification:_identify(.) by extension 'python_setup_py'
[1.611s] Level 1:colcon.colcon_core.package_identification:_identify(build) by extensions ['ignore', 'ignore_ament_install']
[1.612s] Level 1:colcon.colcon_core.package_identification:_identify(build) by extension 'ignore'
[1.613s] Level 1:colcon.colcon_core.package_identification:_identify(build) ignored
[1.614s] Level 1:colcon.colcon_core.package_identification:_identify(install) by extensions ['ignore', 'ignore_ament_install']
[1.615s] Level 1:colcon.colcon_core.package_identification:_identify(install) by extension 'ignore'
[1.616s] Level 1:colcon.colcon_core.package_identification:_identify(install) ignored
[1.617s] Level 1:colcon.colcon_core.package_identification:_identify(log) by extensions ['ignore', 'ignore_ament_install']
[1.618s] Level 1:colcon.colcon_core.package_identification:_identify(log) by extension 'ignore'
[1.618s] Level 1:colcon.colcon_core.package_identification:_identify(log) ignored
[1.619s] Level 1:colcon.colcon_core.package_identification:_identify(src) by extensions ['ignore', 'ignore_ament_install']
[1.620s] Level 1:colcon.colcon_core.package_identification:_identify(src) by extension 'ignore'
[1.621s] Level 1:colcon.colcon_core.package_identification:_identify(src) by extension 'ignore_ament_install'
[1.621s] Level 1:colcon.colcon_core.package_identification:_identify(src) by extensions ['colcon_pkg']
[1.622s] Level 1:colcon.colcon_core.package_identification:_identify(src) by extension 'colcon_pkg'
[1.623s] Level 1:colcon.colcon_core.package_identification:_identify(src) by extensions ['colcon_meta']
[1.623s] Level 1:colcon.colcon_core.package_identification:_identify(src) by extension 'colcon_meta'
[1.624s] Level 1:colcon.colcon_core.package_identification:_identify(src) by extensions ['ros']
[1.624s] Level 1:colcon.colcon_core.package_identification:_identify(src) by extension 'ros'
[1.625s] Level 1:colcon.colcon_core.package_identification:_identify(src) by extensions ['cmake', 'python']
[1.626s] Level 1:colcon.colcon_core.package_identification:_identify(src) by extension 'cmake'
[1.627s] Level 1:colcon.colcon_core.package_identification:_identify(src) by extension 'python'
[1.628s] Level 1:colcon.colcon_core.package_identification:_identify(src) by extensions ['python_setup_py']
[1.628s] Level 1:colcon.colcon_core.package_identification:_identify(src) by extension 'python_setup_py'
[1.629s] Level 1:colcon.colcon_core.package_identification:_identify(src/fmgt1) by extensions ['ignore', 'ignore_ament_install']
[1.630s] Level 1:colcon.colcon_core.package_identification:_identify(src/fmgt1) by extension 'ignore'
[1.631s] Level 1:colcon.colcon_core.package_identification:_identify(src/fmgt1) by extension 'ignore_ament_install'
[1.632s] Level 1:colcon.colcon_core.package_identification:_identify(src/fmgt1) by extensions ['colcon_pkg']
[1.632s] Level 1:colcon.colcon_core.package_identification:_identify(src/fmgt1) by extension 'colcon_pkg'
[1.633s] Level 1:colcon.colcon_core.package_identification:_identify(src/fmgt1) by extensions ['colcon_meta']
[1.633s] Level 1:colcon.colcon_core.package_identification:_identify(src/fmgt1) by extension 'colcon_meta'
[1.634s] Level 1:colcon.colcon_core.package_identification:_identify(src/fmgt1) by extensions ['ros']
[1.634s] Level 1:colcon.colcon_core.package_identification:_identify(src/fmgt1) by extension 'ros'
[1.646s] DEBUG:colcon.colcon_core.package_identification:Package 'src/fmgt1' with type 'ros.ament_python' and name 'fmgt1'
[1.648s] Level 1:colcon.colcon_core.package_identification:_identify(src/fmgt2) by extensions ['ignore', 'ignore_ament_install']
[1.649s] Level 1:colcon.colcon_core.package_identification:_identify(src/fmgt2) by extension 'ignore'
[1.650s] Level 1:colcon.colcon_core.package_identification:_identify(src/fmgt2) by extension 'ignore_ament_install'
[1.651s] Level 1:colcon.colcon_core.package_identification:_identify(src/fmgt2) by extensions ['colcon_pkg']
[1.651s] Level 1:colcon.colcon_core.package_identification:_identify(src/fmgt2) by extension 'colcon_pkg'
[1.652s] Level 1:colcon.colcon_core.package_identification:_identify(src/fmgt2) by extensions ['colcon_meta']
[1.653s] Level 1:colcon.colcon_core.package_identification:_identify(src/fmgt2) by extension 'colcon_meta'
[1.654s] Level 1:colcon.colcon_core.package_identification:_identify(src/fmgt2) by extensions ['ros']
[1.654s] Level 1:colcon.colcon_core.package_identification:_identify(src/fmgt2) by extension 'ros'
[1.659s] DEBUG:colcon.colcon_core.package_identification:Package 'src/fmgt2' with type 'ros.ament_python' and name 'fmgt2'
[1.660s] Level 1:colcon.colcon_core.package_identification:_identify(src/fmgt3) by extensions ['ignore', 'ignore_ament_install']
[1.661s] Level 1:colcon.colcon_core.package_identification:_identify(src/fmgt3) by extension 'ignore'
[1.662s] Level 1:colcon.colcon_core.package_identification:_identify(src/fmgt3) by extension 'ignore_ament_install'
[1.662s] Level 1:colcon.colcon_core.package_identification:_identify(src/fmgt3) by extensions ['colcon_pkg']
[1.663s] Level 1:colcon.colcon_core.package_identification:_identify(src/fmgt3) by extension 'colcon_pkg'
[1.663s] Level 1:colcon.colcon_core.package_identification:_identify(src/fmgt3) by extensions ['colcon_meta']
[1.664s] Level 1:colcon.colcon_core.package_identification:_identify(src/fmgt3) by extension 'colcon_meta'
[1.664s] Level 1:colcon.colcon_core.package_identification:_identify(src/fmgt3) by extensions ['ros']
[1.665s] Level 1:colcon.colcon_core.package_identification:_identify(src/fmgt3) by extension 'ros'
[1.669s] DEBUG:colcon.colcon_core.package_identification:Package 'src/fmgt3' with type 'ros.ament_python' and name 'fmgt3'
[1.670s] Level 1:colcon.colcon_core.package_identification:_identify(src/fmgt4) by extensions ['ignore', 'ignore_ament_install']
[1.671s] Level 1:colcon.colcon_core.package_identification:_identify(src/fmgt4) by extension 'ignore'
[1.671s] Level 1:colcon.colcon_core.package_identification:_identify(src/fmgt4) by extension 'ignore_ament_install'
[1.672s] Level 1:colcon.colcon_core.package_identification:_identify(src/fmgt4) by extensions ['colcon_pkg']
[1.672s] Level 1:colcon.colcon_core.package_identification:_identify(src/fmgt4) by extension 'colcon_pkg'
[1.673s] Level 1:colcon.colcon_core.package_identification:_identify(src/fmgt4) by extensions ['colcon_meta']
[1.674s] Level 1:colcon.colcon_core.package_identification:_identify(src/fmgt4) by extension 'colcon_meta'
[1.674s] Level 1:colcon.colcon_core.package_identification:_identify(src/fmgt4) by extensions ['ros']
[1.675s] Level 1:colcon.colcon_core.package_identification:_identify(src/fmgt4) by extension 'ros'
[1.679s] DEBUG:colcon.colcon_core.package_identification:Package 'src/fmgt4' with type 'ros.ament_python' and name 'fmgt4'
[1.679s] Level 1:colcon.colcon_core.package_discovery:discover_packages(recursive) using defaults
[1.680s] Level 1:colcon.colcon_core.package_discovery:discover_packages(ignore) discover
[1.681s] Level 1:colcon.colcon_core.package_discovery:discover_packages(ignore) using defaults
[1.681s] Level 1:colcon.colcon_core.package_discovery:discover_packages(path) discover
[1.681s] Level 1:colcon.colcon_core.package_discovery:discover_packages(path) using defaults
[1.816s] INFO:colcon.colcon_core.package_selection:Skipping not selected package 'fmgt1' in 'src/fmgt1'
[1.817s] INFO:colcon.colcon_core.package_selection:Skipping not selected package 'fmgt2' in 'src/fmgt2'
[1.818s] INFO:colcon.colcon_core.package_selection:Skipping not selected package 'fmgt3' in 'src/fmgt3'
[1.820s] Level 1:colcon.colcon_core.package_discovery:discover_packages(prefix_path) check parameters
[1.821s] Level 1:colcon.colcon_core.package_discovery:discover_packages(prefix_path) discover
[1.837s] DEBUG:colcon.colcon_installed_package_information.package_discovery:Found 272 installed packages in /opt/ros/humble
[1.844s] Level 1:colcon.colcon_core.package_discovery:discover_packages(prefix_path) using defaults
[2.041s] Level 5:colcon.colcon_core.verb:set package 'fmgt4' build argument 'cmake_args' from command line to 'None'
[2.041s] Level 5:colcon.colcon_core.verb:set package 'fmgt4' build argument 'cmake_target' from command line to 'None'
[2.042s] Level 5:colcon.colcon_core.verb:set package 'fmgt4' build argument 'cmake_target_skip_unavailable' from command line to 'False'
[2.042s] Level 5:colcon.colcon_core.verb:set package 'fmgt4' build argument 'cmake_clean_cache' from command line to 'False'
[2.043s] Level 5:colcon.colcon_core.verb:set package 'fmgt4' build argument 'cmake_clean_first' from command line to 'False'
[2.043s] Level 5:colcon.colcon_core.verb:set package 'fmgt4' build argument 'cmake_force_configure' from command line to 'False'
[2.044s] Level 5:colcon.colcon_core.verb:set package 'fmgt4' build argument 'ament_cmake_args' from command line to 'None'
[2.044s] Level 5:colcon.colcon_core.verb:set package 'fmgt4' build argument 'catkin_cmake_args' from command line to 'None'
[2.044s] Level 5:colcon.colcon_core.verb:set package 'fmgt4' build argument 'catkin_skip_building_tests' from command line to 'False'
[2.045s] DEBUG:colcon.colcon_core.verb:Building package 'fmgt4' with the following arguments: {'ament_cmake_args': None, 'build_base': '/home/jy/fmgt/build/fmgt4', 'catkin_cmake_args': None, 'catkin_skip_building_tests': False, 'cmake_args': None, 'cmake_clean_cache': False, 'cmake_clean_first': False, 'cmake_force_configure': False, 'cmake_target': None, 'cmake_target_skip_unavailable': False, 'install_base': '/home/jy/fmgt/install/fmgt4', 'merge_install': False, 'path': '/home/jy/fmgt/src/fmgt4', 'symlink_install': True, 'test_result_base': None}
[2.046s] INFO:colcon.colcon_core.executor:Executing jobs using 'parallel' executor
[2.050s] DEBUG:colcon.colcon_parallel_executor.executor.parallel:run_until_complete
[2.051s] INFO:colcon.colcon_ros.task.ament_python.build:Building ROS package in '/home/jy/fmgt/src/fmgt4' with build type 'ament_python'
[2.053s] Level 1:colcon.colcon_core.shell:create_environment_hook('fmgt4', 'ament_prefix_path')
[2.063s] INFO:colcon.colcon_core.plugin_system:Skipping extension 'colcon_core.shell.bat': Not used on non-Windows systems
[2.064s] INFO:colcon.colcon_core.shell:Creating environment hook '/home/jy/fmgt/install/fmgt4/share/fmgt4/hook/ament_prefix_path.ps1'
[2.068s] INFO:colcon.colcon_core.shell:Creating environment descriptor '/home/jy/fmgt/install/fmgt4/share/fmgt4/hook/ament_prefix_path.dsv'
[2.072s] INFO:colcon.colcon_core.shell:Creating environment hook '/home/jy/fmgt/install/fmgt4/share/fmgt4/hook/ament_prefix_path.sh'
[2.079s] INFO:colcon.colcon_core.shell:Skip shell extension 'powershell' for command environment: Not usable outside of PowerShell
[2.079s] DEBUG:colcon.colcon_core.shell:Skip shell extension 'dsv' for command environment
[3.617s] INFO:colcon.colcon_core.task.python.build:Building Python package in '/home/jy/fmgt/src/fmgt4'
[3.619s] INFO:colcon.colcon_core.shell:Skip shell extension 'powershell' for command environment: Not usable outside of PowerShell
[3.620s] DEBUG:colcon.colcon_core.shell:Skip shell extension 'dsv' for command environment
[5.468s] DEBUG:colcon.colcon_core.event_handler.log_command:Invoking command in '/home/jy/fmgt/build/fmgt4': PYTHONPATH=/home/jy/fmgt/build/fmgt4/prefix_override:/usr/lib/python3/dist-packages/colcon_core/task/python/colcon_distutils_commands:/home/jy/fmgt/install/fmgt4/lib/python3.10/site-packages:${PYTHONPATH} /usr/bin/python3 -W ignore:setup.py install is deprecated -W ignore:easy_install command is deprecated setup.py develop --editable --build-directory /home/jy/fmgt/build/fmgt4/build --no-deps symlink_data
[8.087s] Level 1:colcon.colcon_core.shell:create_environment_hook('fmgt4', 'pythonpath_develop')
[8.088s] INFO:colcon.colcon_core.shell:Creating environment hook '/home/jy/fmgt/build/fmgt4/share/fmgt4/hook/pythonpath_develop.ps1'
[8.092s] DEBUG:colcon.colcon_core.event_handler.log_command:Invoked command in '/home/jy/fmgt/build/fmgt4' returned '0': PYTHONPATH=/home/jy/fmgt/build/fmgt4/prefix_override:/usr/lib/python3/dist-packages/colcon_core/task/python/colcon_distutils_commands:/home/jy/fmgt/install/fmgt4/lib/python3.10/site-packages:${PYTHONPATH} /usr/bin/python3 -W ignore:setup.py install is deprecated -W ignore:easy_install command is deprecated setup.py develop --editable --build-directory /home/jy/fmgt/build/fmgt4/build --no-deps symlink_data
[8.093s] INFO:colcon.colcon_core.shell:Creating environment descriptor '/home/jy/fmgt/build/fmgt4/share/fmgt4/hook/pythonpath_develop.dsv'
[8.096s] INFO:colcon.colcon_core.shell:Creating environment hook '/home/jy/fmgt/build/fmgt4/share/fmgt4/hook/pythonpath_develop.sh'
[8.113s] Level 1:colcon.colcon_core.environment:checking '/home/jy/fmgt/install/fmgt4' for CMake module files
[8.116s] Level 1:colcon.colcon_core.environment:checking '/home/jy/fmgt/install/fmgt4' for CMake config files
[8.120s] Level 1:colcon.colcon_core.environment:checking '/home/jy/fmgt/install/fmgt4/lib'
[8.122s] Level 1:colcon.colcon_core.environment:checking '/home/jy/fmgt/install/fmgt4/bin'
[8.123s] Level 1:colcon.colcon_core.environment:checking '/home/jy/fmgt/install/fmgt4/lib/pkgconfig/fmgt4.pc'
[8.125s] Level 1:colcon.colcon_core.environment:checking '/home/jy/fmgt/install/fmgt4/lib/python3.10/site-packages'
[8.125s] Level 1:colcon.colcon_core.shell:create_environment_hook('fmgt4', 'pythonpath')
[8.127s] INFO:colcon.colcon_core.shell:Creating environment hook '/home/jy/fmgt/install/fmgt4/share/fmgt4/hook/pythonpath.ps1'
[8.131s] INFO:colcon.colcon_core.shell:Creating environment descriptor '/home/jy/fmgt/install/fmgt4/share/fmgt4/hook/pythonpath.dsv'
[8.135s] INFO:colcon.colcon_core.shell:Creating environment hook '/home/jy/fmgt/install/fmgt4/share/fmgt4/hook/pythonpath.sh'
[8.139s] Level 1:colcon.colcon_core.environment:checking '/home/jy/fmgt/install/fmgt4/bin'
[8.140s] Level 1:colcon.colcon_core.environment:create_environment_scripts_only(fmgt4)
[8.142s] INFO:colcon.colcon_core.shell:Creating package script '/home/jy/fmgt/install/fmgt4/share/fmgt4/package.ps1'
[8.148s] INFO:colcon.colcon_core.shell:Creating package descriptor '/home/jy/fmgt/install/fmgt4/share/fmgt4/package.dsv'
[8.152s] INFO:colcon.colcon_core.shell:Creating package script '/home/jy/fmgt/install/fmgt4/share/fmgt4/package.sh'
[8.157s] INFO:colcon.colcon_core.shell:Creating package script '/home/jy/fmgt/install/fmgt4/share/fmgt4/package.bash'
[8.162s] INFO:colcon.colcon_core.shell:Creating package script '/home/jy/fmgt/install/fmgt4/share/fmgt4/package.zsh'
[8.169s] Level 1:colcon.colcon_core.environment:create_file_with_runtime_dependencies(/home/jy/fmgt/install/fmgt4/share/colcon-core/packages/fmgt4)
[8.171s] DEBUG:colcon.colcon_parallel_executor.executor.parallel:closing loop
[8.175s] DEBUG:colcon.colcon_parallel_executor.executor.parallel:loop closed
[8.176s] DEBUG:colcon.colcon_parallel_executor.executor.parallel:run_until_complete finished with '0'
[8.177s] DEBUG:colcon.colcon_core.event_reactor:joining thread
[8.202s] INFO:colcon.colcon_core.plugin_system:Skipping extension 'colcon_notification.desktop_notification.terminal_notifier': Not used on non-Darwin systems
[8.203s] INFO:colcon.colcon_core.plugin_system:Skipping extension 'colcon_notification.desktop_notification.win32': Not used on non-Windows systems
[8.204s] INFO:colcon.colcon_notification.desktop_notification:Sending desktop notification using 'notify2'
[8.261s] DEBUG:colcon.colcon_core.event_reactor:joined thread
[8.262s] INFO:colcon.colcon_core.shell:Creating prefix script '/home/jy/fmgt/install/local_setup.ps1'
[8.267s] INFO:colcon.colcon_core.shell:Creating prefix util module '/home/jy/fmgt/install/_local_setup_util_ps1.py'
[8.275s] INFO:colcon.colcon_core.shell:Creating prefix chain script '/home/jy/fmgt/install/setup.ps1'
[8.282s] INFO:colcon.colcon_core.shell:Creating prefix script '/home/jy/fmgt/install/local_setup.sh'
[8.285s] INFO:colcon.colcon_core.shell:Creating prefix util module '/home/jy/fmgt/install/_local_setup_util_sh.py'
[8.289s] INFO:colcon.colcon_core.shell:Creating prefix chain script '/home/jy/fmgt/install/setup.sh'
[8.295s] INFO:colcon.colcon_core.shell:Creating prefix script '/home/jy/fmgt/install/local_setup.bash'
[8.299s] INFO:colcon.colcon_core.shell:Creating prefix chain script '/home/jy/fmgt/install/setup.bash'
[8.307s] INFO:colcon.colcon_core.shell:Creating prefix script '/home/jy/fmgt/install/local_setup.zsh'
[8.312s] INFO:colcon.colcon_core.shell:Creating prefix chain script '/home/jy/fmgt/install/setup.zsh'
