[0.701s] DEBUG:colcon:Command line arguments: ['/usr/bin/colcon', 'build', '--packages-select', 'fmgt4', '--symlink-install']
[0.702s] DEBUG:colcon:Parsed command line arguments: Namespace(log_base=None, log_level=None, verb_name='build', build_base='build', install_base='install', merge_install=False, symlink_install=True, test_result_base=None, continue_on_error=False, executor='parallel', parallel_workers=4, event_handlers=None, ignore_user_meta=False, metas=['./colcon.meta'], base_paths=['.'], packages_ignore=None, packages_ignore_regex=None, paths=None, packages_up_to=None, packages_up_to_regex=None, packages_above=None, packages_above_and_dependencies=None, packages_above_depth=None, packages_select_by_dep=None, packages_skip_by_dep=None, packages_skip_up_to=None, packages_select_build_failed=False, packages_skip_build_finished=False, packages_select_test_failures=False, packages_skip_test_passed=False, packages_select=['fmgt4'], packages_skip=None, packages_select_regex=None, packages_skip_regex=None, packages_start=None, packages_end=None, allow_overriding=[], cmake_args=None, cmake_target=None, cmake_target_skip_unavailable=False, cmake_clean_cache=False, cmake_clean_first=False, cmake_force_configure=False, ament_cmake_args=None, catkin_cmake_args=None, catkin_skip_building_tests=False, mixin_files=None, mixin=None, verb_parser=<colcon_mixin.mixin.mixin_argument.MixinArgumentDecorator object at 0xffff873ad420>, verb_extension=<colcon_core.verb.build.BuildVerb object at 0xffff87552320>, main=<bound method BuildVerb.main of <colcon_core.verb.build.BuildVerb object at 0xffff87552320>>, mixin_verb=('build',))
[1.840s] Level 1:colcon.colcon_core.package_discovery:discover_packages(colcon_meta) check parameters
[1.841s] Level 1:colcon.colcon_core.package_discovery:discover_packages(recursive) check parameters
[1.842s] Level 1:colcon.colcon_core.package_discovery:discover_packages(ignore) check parameters
[1.843s] Level 1:colcon.colcon_core.package_discovery:discover_packages(path) check parameters
[1.843s] Level 1:colcon.colcon_core.package_discovery:discover_packages(colcon_meta) discover
[1.844s] Level 1:colcon.colcon_core.package_discovery:discover_packages(recursive) discover
[1.845s] INFO:colcon.colcon_core.package_discovery:Crawling recursively for packages in '/home/jy/fmgt'
[1.846s] Level 1:colcon.colcon_core.package_identification:_identify(.) by extensions ['ignore', 'ignore_ament_install']
[1.847s] Level 1:colcon.colcon_core.package_identification:_identify(.) by extension 'ignore'
[1.848s] Level 1:colcon.colcon_core.package_identification:_identify(.) by extension 'ignore_ament_install'
[1.848s] Level 1:colcon.colcon_core.package_identification:_identify(.) by extensions ['colcon_pkg']
[1.849s] Level 1:colcon.colcon_core.package_identification:_identify(.) by extension 'colcon_pkg'
[1.849s] Level 1:colcon.colcon_core.package_identification:_identify(.) by extensions ['colcon_meta']
[1.850s] Level 1:colcon.colcon_core.package_identification:_identify(.) by extension 'colcon_meta'
[1.850s] Level 1:colcon.colcon_core.package_identification:_identify(.) by extensions ['ros']
[1.851s] Level 1:colcon.colcon_core.package_identification:_identify(.) by extension 'ros'
[1.905s] Level 1:colcon.colcon_core.package_identification:_identify(.) by extensions ['cmake', 'python']
[1.905s] Level 1:colcon.colcon_core.package_identification:_identify(.) by extension 'cmake'
[1.906s] Level 1:colcon.colcon_core.package_identification:_identify(.) by extension 'python'
[1.907s] Level 1:colcon.colcon_core.package_identification:_identify(.) by extensions ['python_setup_py']
[1.907s] Level 1:colcon.colcon_core.package_identification:_identify(.) by extension 'python_setup_py'
[1.908s] Level 1:colcon.colcon_core.package_identification:_identify(build) by extensions ['ignore', 'ignore_ament_install']
[1.909s] Level 1:colcon.colcon_core.package_identification:_identify(build) by extension 'ignore'
[1.910s] Level 1:colcon.colcon_core.package_identification:_identify(build) ignored
[1.911s] Level 1:colcon.colcon_core.package_identification:_identify(install) by extensions ['ignore', 'ignore_ament_install']
[1.912s] Level 1:colcon.colcon_core.package_identification:_identify(install) by extension 'ignore'
[1.913s] Level 1:colcon.colcon_core.package_identification:_identify(install) ignored
[1.914s] Level 1:colcon.colcon_core.package_identification:_identify(log) by extensions ['ignore', 'ignore_ament_install']
[1.917s] Level 1:colcon.colcon_core.package_identification:_identify(log) by extension 'ignore'
[1.917s] Level 1:colcon.colcon_core.package_identification:_identify(log) ignored
[1.919s] Level 1:colcon.colcon_core.package_identification:_identify(src) by extensions ['ignore', 'ignore_ament_install']
[1.919s] Level 1:colcon.colcon_core.package_identification:_identify(src) by extension 'ignore'
[1.920s] Level 1:colcon.colcon_core.package_identification:_identify(src) by extension 'ignore_ament_install'
[1.921s] Level 1:colcon.colcon_core.package_identification:_identify(src) by extensions ['colcon_pkg']
[1.922s] Level 1:colcon.colcon_core.package_identification:_identify(src) by extension 'colcon_pkg'
[1.922s] Level 1:colcon.colcon_core.package_identification:_identify(src) by extensions ['colcon_meta']
[1.923s] Level 1:colcon.colcon_core.package_identification:_identify(src) by extension 'colcon_meta'
[1.923s] Level 1:colcon.colcon_core.package_identification:_identify(src) by extensions ['ros']
[1.924s] Level 1:colcon.colcon_core.package_identification:_identify(src) by extension 'ros'
[1.925s] Level 1:colcon.colcon_core.package_identification:_identify(src) by extensions ['cmake', 'python']
[1.926s] Level 1:colcon.colcon_core.package_identification:_identify(src) by extension 'cmake'
[1.926s] Level 1:colcon.colcon_core.package_identification:_identify(src) by extension 'python'
[1.927s] Level 1:colcon.colcon_core.package_identification:_identify(src) by extensions ['python_setup_py']
[1.927s] Level 1:colcon.colcon_core.package_identification:_identify(src) by extension 'python_setup_py'
[1.928s] Level 1:colcon.colcon_core.package_identification:_identify(src/fmgt1) by extensions ['ignore', 'ignore_ament_install']
[1.929s] Level 1:colcon.colcon_core.package_identification:_identify(src/fmgt1) by extension 'ignore'
[1.930s] Level 1:colcon.colcon_core.package_identification:_identify(src/fmgt1) by extension 'ignore_ament_install'
[1.931s] Level 1:colcon.colcon_core.package_identification:_identify(src/fmgt1) by extensions ['colcon_pkg']
[1.931s] Level 1:colcon.colcon_core.package_identification:_identify(src/fmgt1) by extension 'colcon_pkg'
[1.932s] Level 1:colcon.colcon_core.package_identification:_identify(src/fmgt1) by extensions ['colcon_meta']
[1.933s] Level 1:colcon.colcon_core.package_identification:_identify(src/fmgt1) by extension 'colcon_meta'
[1.933s] Level 1:colcon.colcon_core.package_identification:_identify(src/fmgt1) by extensions ['ros']
[1.934s] Level 1:colcon.colcon_core.package_identification:_identify(src/fmgt1) by extension 'ros'
[1.945s] DEBUG:colcon.colcon_core.package_identification:Package 'src/fmgt1' with type 'ros.ament_python' and name 'fmgt1'
[1.946s] Level 1:colcon.colcon_core.package_identification:_identify(src/fmgt2) by extensions ['ignore', 'ignore_ament_install']
[1.947s] Level 1:colcon.colcon_core.package_identification:_identify(src/fmgt2) by extension 'ignore'
[1.948s] Level 1:colcon.colcon_core.package_identification:_identify(src/fmgt2) by extension 'ignore_ament_install'
[1.949s] Level 1:colcon.colcon_core.package_identification:_identify(src/fmgt2) by extensions ['colcon_pkg']
[1.949s] Level 1:colcon.colcon_core.package_identification:_identify(src/fmgt2) by extension 'colcon_pkg'
[1.950s] Level 1:colcon.colcon_core.package_identification:_identify(src/fmgt2) by extensions ['colcon_meta']
[1.950s] Level 1:colcon.colcon_core.package_identification:_identify(src/fmgt2) by extension 'colcon_meta'
[1.951s] Level 1:colcon.colcon_core.package_identification:_identify(src/fmgt2) by extensions ['ros']
[1.951s] Level 1:colcon.colcon_core.package_identification:_identify(src/fmgt2) by extension 'ros'
[1.957s] DEBUG:colcon.colcon_core.package_identification:Package 'src/fmgt2' with type 'ros.ament_python' and name 'fmgt2'
[1.958s] Level 1:colcon.colcon_core.package_identification:_identify(src/fmgt3) by extensions ['ignore', 'ignore_ament_install']
[1.959s] Level 1:colcon.colcon_core.package_identification:_identify(src/fmgt3) by extension 'ignore'
[1.960s] Level 1:colcon.colcon_core.package_identification:_identify(src/fmgt3) by extension 'ignore_ament_install'
[1.960s] Level 1:colcon.colcon_core.package_identification:_identify(src/fmgt3) by extensions ['colcon_pkg']
[1.961s] Level 1:colcon.colcon_core.package_identification:_identify(src/fmgt3) by extension 'colcon_pkg'
[1.962s] Level 1:colcon.colcon_core.package_identification:_identify(src/fmgt3) by extensions ['colcon_meta']
[1.962s] Level 1:colcon.colcon_core.package_identification:_identify(src/fmgt3) by extension 'colcon_meta'
[1.963s] Level 1:colcon.colcon_core.package_identification:_identify(src/fmgt3) by extensions ['ros']
[1.963s] Level 1:colcon.colcon_core.package_identification:_identify(src/fmgt3) by extension 'ros'
[1.967s] DEBUG:colcon.colcon_core.package_identification:Package 'src/fmgt3' with type 'ros.ament_python' and name 'fmgt3'
[1.968s] Level 1:colcon.colcon_core.package_identification:_identify(src/fmgt4) by extensions ['ignore', 'ignore_ament_install']
[1.969s] Level 1:colcon.colcon_core.package_identification:_identify(src/fmgt4) by extension 'ignore'
[1.970s] Level 1:colcon.colcon_core.package_identification:_identify(src/fmgt4) by extension 'ignore_ament_install'
[1.970s] Level 1:colcon.colcon_core.package_identification:_identify(src/fmgt4) by extensions ['colcon_pkg']
[1.971s] Level 1:colcon.colcon_core.package_identification:_identify(src/fmgt4) by extension 'colcon_pkg'
[1.972s] Level 1:colcon.colcon_core.package_identification:_identify(src/fmgt4) by extensions ['colcon_meta']
[1.972s] Level 1:colcon.colcon_core.package_identification:_identify(src/fmgt4) by extension 'colcon_meta'
[1.973s] Level 1:colcon.colcon_core.package_identification:_identify(src/fmgt4) by extensions ['ros']
[1.973s] Level 1:colcon.colcon_core.package_identification:_identify(src/fmgt4) by extension 'ros'
[1.978s] DEBUG:colcon.colcon_core.package_identification:Package 'src/fmgt4' with type 'ros.ament_python' and name 'fmgt4'
[1.978s] Level 1:colcon.colcon_core.package_discovery:discover_packages(recursive) using defaults
[1.979s] Level 1:colcon.colcon_core.package_discovery:discover_packages(ignore) discover
[1.979s] Level 1:colcon.colcon_core.package_discovery:discover_packages(ignore) using defaults
[1.980s] Level 1:colcon.colcon_core.package_discovery:discover_packages(path) discover
[1.980s] Level 1:colcon.colcon_core.package_discovery:discover_packages(path) using defaults
[2.117s] INFO:colcon.colcon_core.package_selection:Skipping not selected package 'fmgt1' in 'src/fmgt1'
[2.118s] INFO:colcon.colcon_core.package_selection:Skipping not selected package 'fmgt2' in 'src/fmgt2'
[2.119s] INFO:colcon.colcon_core.package_selection:Skipping not selected package 'fmgt3' in 'src/fmgt3'
[2.121s] Level 1:colcon.colcon_core.package_discovery:discover_packages(prefix_path) check parameters
[2.121s] Level 1:colcon.colcon_core.package_discovery:discover_packages(prefix_path) discover
[2.138s] DEBUG:colcon.colcon_installed_package_information.package_discovery:Found 272 installed packages in /opt/ros/humble
[2.145s] Level 1:colcon.colcon_core.package_discovery:discover_packages(prefix_path) using defaults
[2.376s] Level 5:colcon.colcon_core.verb:set package 'fmgt4' build argument 'cmake_args' from command line to 'None'
[2.377s] Level 5:colcon.colcon_core.verb:set package 'fmgt4' build argument 'cmake_target' from command line to 'None'
[2.377s] Level 5:colcon.colcon_core.verb:set package 'fmgt4' build argument 'cmake_target_skip_unavailable' from command line to 'False'
[2.377s] Level 5:colcon.colcon_core.verb:set package 'fmgt4' build argument 'cmake_clean_cache' from command line to 'False'
[2.378s] Level 5:colcon.colcon_core.verb:set package 'fmgt4' build argument 'cmake_clean_first' from command line to 'False'
[2.378s] Level 5:colcon.colcon_core.verb:set package 'fmgt4' build argument 'cmake_force_configure' from command line to 'False'
[2.378s] Level 5:colcon.colcon_core.verb:set package 'fmgt4' build argument 'ament_cmake_args' from command line to 'None'
[2.378s] Level 5:colcon.colcon_core.verb:set package 'fmgt4' build argument 'catkin_cmake_args' from command line to 'None'
[2.378s] Level 5:colcon.colcon_core.verb:set package 'fmgt4' build argument 'catkin_skip_building_tests' from command line to 'False'
[2.378s] DEBUG:colcon.colcon_core.verb:Building package 'fmgt4' with the following arguments: {'ament_cmake_args': None, 'build_base': '/home/jy/fmgt/build/fmgt4', 'catkin_cmake_args': None, 'catkin_skip_building_tests': False, 'cmake_args': None, 'cmake_clean_cache': False, 'cmake_clean_first': False, 'cmake_force_configure': False, 'cmake_target': None, 'cmake_target_skip_unavailable': False, 'install_base': '/home/jy/fmgt/install/fmgt4', 'merge_install': False, 'path': '/home/jy/fmgt/src/fmgt4', 'symlink_install': True, 'test_result_base': None}
[2.380s] INFO:colcon.colcon_core.executor:Executing jobs using 'parallel' executor
[2.384s] DEBUG:colcon.colcon_parallel_executor.executor.parallel:run_until_complete
[2.386s] INFO:colcon.colcon_ros.task.ament_python.build:Building ROS package in '/home/jy/fmgt/src/fmgt4' with build type 'ament_python'
[2.387s] Level 1:colcon.colcon_core.shell:create_environment_hook('fmgt4', 'ament_prefix_path')
[2.397s] INFO:colcon.colcon_core.plugin_system:Skipping extension 'colcon_core.shell.bat': Not used on non-Windows systems
[2.398s] INFO:colcon.colcon_core.shell:Creating environment hook '/home/jy/fmgt/install/fmgt4/share/fmgt4/hook/ament_prefix_path.ps1'
[2.401s] INFO:colcon.colcon_core.shell:Creating environment descriptor '/home/jy/fmgt/install/fmgt4/share/fmgt4/hook/ament_prefix_path.dsv'
[2.404s] INFO:colcon.colcon_core.shell:Creating environment hook '/home/jy/fmgt/install/fmgt4/share/fmgt4/hook/ament_prefix_path.sh'
[2.409s] INFO:colcon.colcon_core.shell:Skip shell extension 'powershell' for command environment: Not usable outside of PowerShell
[2.409s] DEBUG:colcon.colcon_core.shell:Skip shell extension 'dsv' for command environment
[4.089s] INFO:colcon.colcon_core.task.python.build:Building Python package in '/home/jy/fmgt/src/fmgt4'
[4.091s] INFO:colcon.colcon_core.shell:Skip shell extension 'powershell' for command environment: Not usable outside of PowerShell
[4.092s] DEBUG:colcon.colcon_core.shell:Skip shell extension 'dsv' for command environment
[6.066s] DEBUG:colcon.colcon_core.event_handler.log_command:Invoking command in '/home/jy/fmgt/build/fmgt4': PYTHONPATH=/home/jy/fmgt/build/fmgt4/prefix_override:/usr/lib/python3/dist-packages/colcon_core/task/python/colcon_distutils_commands:/home/jy/fmgt/install/fmgt4/lib/python3.10/site-packages:${PYTHONPATH} /usr/bin/python3 -W ignore:setup.py install is deprecated -W ignore:easy_install command is deprecated setup.py develop --editable --build-directory /home/jy/fmgt/build/fmgt4/build --no-deps symlink_data
[9.022s] Level 1:colcon.colcon_core.shell:create_environment_hook('fmgt4', 'pythonpath_develop')
[9.026s] INFO:colcon.colcon_core.shell:Creating environment hook '/home/jy/fmgt/build/fmgt4/share/fmgt4/hook/pythonpath_develop.ps1'
[9.025s] DEBUG:colcon.colcon_core.event_handler.log_command:Invoked command in '/home/jy/fmgt/build/fmgt4' returned '0': PYTHONPATH=/home/jy/fmgt/build/fmgt4/prefix_override:/usr/lib/python3/dist-packages/colcon_core/task/python/colcon_distutils_commands:/home/jy/fmgt/install/fmgt4/lib/python3.10/site-packages:${PYTHONPATH} /usr/bin/python3 -W ignore:setup.py install is deprecated -W ignore:easy_install command is deprecated setup.py develop --editable --build-directory /home/jy/fmgt/build/fmgt4/build --no-deps symlink_data
[9.030s] INFO:colcon.colcon_core.shell:Creating environment descriptor '/home/jy/fmgt/build/fmgt4/share/fmgt4/hook/pythonpath_develop.dsv'
[9.034s] INFO:colcon.colcon_core.shell:Creating environment hook '/home/jy/fmgt/build/fmgt4/share/fmgt4/hook/pythonpath_develop.sh'
[9.051s] Level 1:colcon.colcon_core.environment:checking '/home/jy/fmgt/install/fmgt4' for CMake module files
[9.054s] Level 1:colcon.colcon_core.environment:checking '/home/jy/fmgt/install/fmgt4' for CMake config files
[9.059s] Level 1:colcon.colcon_core.environment:checking '/home/jy/fmgt/install/fmgt4/lib'
[9.060s] Level 1:colcon.colcon_core.environment:checking '/home/jy/fmgt/install/fmgt4/bin'
[9.061s] Level 1:colcon.colcon_core.environment:checking '/home/jy/fmgt/install/fmgt4/lib/pkgconfig/fmgt4.pc'
[9.063s] Level 1:colcon.colcon_core.environment:checking '/home/jy/fmgt/install/fmgt4/lib/python3.10/site-packages'
[9.063s] Level 1:colcon.colcon_core.shell:create_environment_hook('fmgt4', 'pythonpath')
[9.065s] INFO:colcon.colcon_core.shell:Creating environment hook '/home/jy/fmgt/install/fmgt4/share/fmgt4/hook/pythonpath.ps1'
[9.068s] INFO:colcon.colcon_core.shell:Creating environment descriptor '/home/jy/fmgt/install/fmgt4/share/fmgt4/hook/pythonpath.dsv'
[9.072s] INFO:colcon.colcon_core.shell:Creating environment hook '/home/jy/fmgt/install/fmgt4/share/fmgt4/hook/pythonpath.sh'
[9.076s] Level 1:colcon.colcon_core.environment:checking '/home/jy/fmgt/install/fmgt4/bin'
[9.077s] Level 1:colcon.colcon_core.environment:create_environment_scripts_only(fmgt4)
[9.079s] INFO:colcon.colcon_core.shell:Creating package script '/home/jy/fmgt/install/fmgt4/share/fmgt4/package.ps1'
[9.085s] INFO:colcon.colcon_core.shell:Creating package descriptor '/home/jy/fmgt/install/fmgt4/share/fmgt4/package.dsv'
[9.091s] INFO:colcon.colcon_core.shell:Creating package script '/home/jy/fmgt/install/fmgt4/share/fmgt4/package.sh'
[9.096s] INFO:colcon.colcon_core.shell:Creating package script '/home/jy/fmgt/install/fmgt4/share/fmgt4/package.bash'
[9.101s] INFO:colcon.colcon_core.shell:Creating package script '/home/jy/fmgt/install/fmgt4/share/fmgt4/package.zsh'
[9.106s] Level 1:colcon.colcon_core.environment:create_file_with_runtime_dependencies(/home/jy/fmgt/install/fmgt4/share/colcon-core/packages/fmgt4)
[9.112s] DEBUG:colcon.colcon_parallel_executor.executor.parallel:closing loop
[9.113s] DEBUG:colcon.colcon_parallel_executor.executor.parallel:loop closed
[9.114s] DEBUG:colcon.colcon_parallel_executor.executor.parallel:run_until_complete finished with '0'
[9.114s] DEBUG:colcon.colcon_core.event_reactor:joining thread
[9.141s] INFO:colcon.colcon_core.plugin_system:Skipping extension 'colcon_notification.desktop_notification.terminal_notifier': Not used on non-Darwin systems
[9.142s] INFO:colcon.colcon_core.plugin_system:Skipping extension 'colcon_notification.desktop_notification.win32': Not used on non-Windows systems
[9.142s] INFO:colcon.colcon_notification.desktop_notification:Sending desktop notification using 'notify2'
[9.192s] DEBUG:colcon.colcon_core.event_reactor:joined thread
[9.193s] INFO:colcon.colcon_core.shell:Creating prefix script '/home/jy/fmgt/install/local_setup.ps1'
[9.198s] INFO:colcon.colcon_core.shell:Creating prefix util module '/home/jy/fmgt/install/_local_setup_util_ps1.py'
[9.205s] INFO:colcon.colcon_core.shell:Creating prefix chain script '/home/jy/fmgt/install/setup.ps1'
[9.210s] INFO:colcon.colcon_core.shell:Creating prefix script '/home/jy/fmgt/install/local_setup.sh'
[9.214s] INFO:colcon.colcon_core.shell:Creating prefix util module '/home/jy/fmgt/install/_local_setup_util_sh.py'
[9.218s] INFO:colcon.colcon_core.shell:Creating prefix chain script '/home/jy/fmgt/install/setup.sh'
[9.224s] INFO:colcon.colcon_core.shell:Creating prefix script '/home/jy/fmgt/install/local_setup.bash'
[9.228s] INFO:colcon.colcon_core.shell:Creating prefix chain script '/home/jy/fmgt/install/setup.bash'
[9.244s] INFO:colcon.colcon_core.shell:Creating prefix script '/home/jy/fmgt/install/local_setup.zsh'
[9.250s] INFO:colcon.colcon_core.shell:Creating prefix chain script '/home/jy/fmgt/install/setup.zsh'
