[0.680s] DEBUG:colcon:Command line arguments: ['/usr/bin/colcon', 'build', '--symlink-install']
[0.681s] DEBUG:colcon:Parsed command line arguments: Namespace(log_base=None, log_level=None, verb_name='build', build_base='build', install_base='install', merge_install=False, symlink_install=True, test_result_base=None, continue_on_error=False, executor='parallel', parallel_workers=4, event_handlers=None, ignore_user_meta=False, metas=['./colcon.meta'], base_paths=['.'], packages_ignore=None, packages_ignore_regex=None, paths=None, packages_up_to=None, packages_up_to_regex=None, packages_above=None, packages_above_and_dependencies=None, packages_above_depth=None, packages_select_by_dep=None, packages_skip_by_dep=None, packages_skip_up_to=None, packages_select_build_failed=False, packages_skip_build_finished=False, packages_select_test_failures=False, packages_skip_test_passed=False, packages_select=None, packages_skip=None, packages_select_regex=None, packages_skip_regex=None, packages_start=None, packages_end=None, allow_overriding=[], cmake_args=None, cmake_target=None, cmake_target_skip_unavailable=False, cmake_clean_cache=False, cmake_clean_first=False, cmake_force_configure=False, ament_cmake_args=None, catkin_cmake_args=None, catkin_skip_building_tests=False, mixin_files=None, mixin=None, verb_parser=<colcon_mixin.mixin.mixin_argument.MixinArgumentDecorator object at 0xffff7fa9d330>, verb_extension=<colcon_core.verb.build.BuildVerb object at 0xffff7fc42230>, main=<bound method BuildVerb.main of <colcon_core.verb.build.BuildVerb object at 0xffff7fc42230>>, mixin_verb=('build',))
[1.838s] Level 1:colcon.colcon_core.package_discovery:discover_packages(colcon_meta) check parameters
[1.839s] Level 1:colcon.colcon_core.package_discovery:discover_packages(recursive) check parameters
[1.839s] Level 1:colcon.colcon_core.package_discovery:discover_packages(ignore) check parameters
[1.839s] Level 1:colcon.colcon_core.package_discovery:discover_packages(path) check parameters
[1.839s] Level 1:colcon.colcon_core.package_discovery:discover_packages(colcon_meta) discover
[1.840s] Level 1:colcon.colcon_core.package_discovery:discover_packages(recursive) discover
[1.840s] INFO:colcon.colcon_core.package_discovery:Crawling recursively for packages in '/home/jy/fmgt'
[1.840s] Level 1:colcon.colcon_core.package_identification:_identify(.) by extensions ['ignore', 'ignore_ament_install']
[1.841s] Level 1:colcon.colcon_core.package_identification:_identify(.) by extension 'ignore'
[1.841s] Level 1:colcon.colcon_core.package_identification:_identify(.) by extension 'ignore_ament_install'
[1.841s] Level 1:colcon.colcon_core.package_identification:_identify(.) by extensions ['colcon_pkg']
[1.842s] Level 1:colcon.colcon_core.package_identification:_identify(.) by extension 'colcon_pkg'
[1.842s] Level 1:colcon.colcon_core.package_identification:_identify(.) by extensions ['colcon_meta']
[1.842s] Level 1:colcon.colcon_core.package_identification:_identify(.) by extension 'colcon_meta'
[1.842s] Level 1:colcon.colcon_core.package_identification:_identify(.) by extensions ['ros']
[1.843s] Level 1:colcon.colcon_core.package_identification:_identify(.) by extension 'ros'
[1.912s] Level 1:colcon.colcon_core.package_identification:_identify(.) by extensions ['cmake', 'python']
[1.913s] Level 1:colcon.colcon_core.package_identification:_identify(.) by extension 'cmake'
[1.913s] Level 1:colcon.colcon_core.package_identification:_identify(.) by extension 'python'
[1.913s] Level 1:colcon.colcon_core.package_identification:_identify(.) by extensions ['python_setup_py']
[1.913s] Level 1:colcon.colcon_core.package_identification:_identify(.) by extension 'python_setup_py'
[1.914s] Level 1:colcon.colcon_core.package_identification:_identify(build) by extensions ['ignore', 'ignore_ament_install']
[1.914s] Level 1:colcon.colcon_core.package_identification:_identify(build) by extension 'ignore'
[1.915s] Level 1:colcon.colcon_core.package_identification:_identify(build) ignored
[1.916s] Level 1:colcon.colcon_core.package_identification:_identify(install) by extensions ['ignore', 'ignore_ament_install']
[1.916s] Level 1:colcon.colcon_core.package_identification:_identify(install) by extension 'ignore'
[1.917s] Level 1:colcon.colcon_core.package_identification:_identify(install) ignored
[1.917s] Level 1:colcon.colcon_core.package_identification:_identify(log) by extensions ['ignore', 'ignore_ament_install']
[1.918s] Level 1:colcon.colcon_core.package_identification:_identify(log) by extension 'ignore'
[1.918s] Level 1:colcon.colcon_core.package_identification:_identify(log) ignored
[1.918s] Level 1:colcon.colcon_core.package_identification:_identify(src) by extensions ['ignore', 'ignore_ament_install']
[1.918s] Level 1:colcon.colcon_core.package_identification:_identify(src) by extension 'ignore'
[1.919s] Level 1:colcon.colcon_core.package_identification:_identify(src) by extension 'ignore_ament_install'
[1.919s] Level 1:colcon.colcon_core.package_identification:_identify(src) by extensions ['colcon_pkg']
[1.919s] Level 1:colcon.colcon_core.package_identification:_identify(src) by extension 'colcon_pkg'
[1.919s] Level 1:colcon.colcon_core.package_identification:_identify(src) by extensions ['colcon_meta']
[1.920s] Level 1:colcon.colcon_core.package_identification:_identify(src) by extension 'colcon_meta'
[1.920s] Level 1:colcon.colcon_core.package_identification:_identify(src) by extensions ['ros']
[1.920s] Level 1:colcon.colcon_core.package_identification:_identify(src) by extension 'ros'
[1.920s] Level 1:colcon.colcon_core.package_identification:_identify(src) by extensions ['cmake', 'python']
[1.920s] Level 1:colcon.colcon_core.package_identification:_identify(src) by extension 'cmake'
[1.921s] Level 1:colcon.colcon_core.package_identification:_identify(src) by extension 'python'
[1.921s] Level 1:colcon.colcon_core.package_identification:_identify(src) by extensions ['python_setup_py']
[1.921s] Level 1:colcon.colcon_core.package_identification:_identify(src) by extension 'python_setup_py'
[1.921s] Level 1:colcon.colcon_core.package_identification:_identify(src/fmgt1) by extensions ['ignore', 'ignore_ament_install']
[1.922s] Level 1:colcon.colcon_core.package_identification:_identify(src/fmgt1) by extension 'ignore'
[1.922s] Level 1:colcon.colcon_core.package_identification:_identify(src/fmgt1) by extension 'ignore_ament_install'
[1.922s] Level 1:colcon.colcon_core.package_identification:_identify(src/fmgt1) by extensions ['colcon_pkg']
[1.922s] Level 1:colcon.colcon_core.package_identification:_identify(src/fmgt1) by extension 'colcon_pkg'
[1.923s] Level 1:colcon.colcon_core.package_identification:_identify(src/fmgt1) by extensions ['colcon_meta']
[1.923s] Level 1:colcon.colcon_core.package_identification:_identify(src/fmgt1) by extension 'colcon_meta'
[1.923s] Level 1:colcon.colcon_core.package_identification:_identify(src/fmgt1) by extensions ['ros']
[1.923s] Level 1:colcon.colcon_core.package_identification:_identify(src/fmgt1) by extension 'ros'
[1.935s] DEBUG:colcon.colcon_core.package_identification:Package 'src/fmgt1' with type 'ros.ament_python' and name 'fmgt1'
[1.935s] Level 1:colcon.colcon_core.package_identification:_identify(src/fmgt2) by extensions ['ignore', 'ignore_ament_install']
[1.936s] Level 1:colcon.colcon_core.package_identification:_identify(src/fmgt2) by extension 'ignore'
[1.936s] Level 1:colcon.colcon_core.package_identification:_identify(src/fmgt2) by extension 'ignore_ament_install'
[1.936s] Level 1:colcon.colcon_core.package_identification:_identify(src/fmgt2) by extensions ['colcon_pkg']
[1.936s] Level 1:colcon.colcon_core.package_identification:_identify(src/fmgt2) by extension 'colcon_pkg'
[1.937s] Level 1:colcon.colcon_core.package_identification:_identify(src/fmgt2) by extensions ['colcon_meta']
[1.937s] Level 1:colcon.colcon_core.package_identification:_identify(src/fmgt2) by extension 'colcon_meta'
[1.937s] Level 1:colcon.colcon_core.package_identification:_identify(src/fmgt2) by extensions ['ros']
[1.937s] Level 1:colcon.colcon_core.package_identification:_identify(src/fmgt2) by extension 'ros'
[1.941s] DEBUG:colcon.colcon_core.package_identification:Package 'src/fmgt2' with type 'ros.ament_python' and name 'fmgt2'
[1.942s] Level 1:colcon.colcon_core.package_identification:_identify(src/fmgt3) by extensions ['ignore', 'ignore_ament_install']
[1.943s] Level 1:colcon.colcon_core.package_identification:_identify(src/fmgt3) by extension 'ignore'
[1.943s] Level 1:colcon.colcon_core.package_identification:_identify(src/fmgt3) by extension 'ignore_ament_install'
[1.944s] Level 1:colcon.colcon_core.package_identification:_identify(src/fmgt3) by extensions ['colcon_pkg']
[1.944s] Level 1:colcon.colcon_core.package_identification:_identify(src/fmgt3) by extension 'colcon_pkg'
[1.944s] Level 1:colcon.colcon_core.package_identification:_identify(src/fmgt3) by extensions ['colcon_meta']
[1.945s] Level 1:colcon.colcon_core.package_identification:_identify(src/fmgt3) by extension 'colcon_meta'
[1.945s] Level 1:colcon.colcon_core.package_identification:_identify(src/fmgt3) by extensions ['ros']
[1.946s] Level 1:colcon.colcon_core.package_identification:_identify(src/fmgt3) by extension 'ros'
[1.949s] DEBUG:colcon.colcon_core.package_identification:Package 'src/fmgt3' with type 'ros.ament_python' and name 'fmgt3'
[1.950s] Level 1:colcon.colcon_core.package_identification:_identify(src/fmgt4) by extensions ['ignore', 'ignore_ament_install']
[1.950s] Level 1:colcon.colcon_core.package_identification:_identify(src/fmgt4) by extension 'ignore'
[1.951s] Level 1:colcon.colcon_core.package_identification:_identify(src/fmgt4) by extension 'ignore_ament_install'
[1.951s] Level 1:colcon.colcon_core.package_identification:_identify(src/fmgt4) by extensions ['colcon_pkg']
[1.951s] Level 1:colcon.colcon_core.package_identification:_identify(src/fmgt4) by extension 'colcon_pkg'
[1.951s] Level 1:colcon.colcon_core.package_identification:_identify(src/fmgt4) by extensions ['colcon_meta']
[1.951s] Level 1:colcon.colcon_core.package_identification:_identify(src/fmgt4) by extension 'colcon_meta'
[1.952s] Level 1:colcon.colcon_core.package_identification:_identify(src/fmgt4) by extensions ['ros']
[1.952s] Level 1:colcon.colcon_core.package_identification:_identify(src/fmgt4) by extension 'ros'
[1.955s] DEBUG:colcon.colcon_core.package_identification:Package 'src/fmgt4' with type 'ros.ament_python' and name 'fmgt4'
[1.955s] Level 1:colcon.colcon_core.package_discovery:discover_packages(recursive) using defaults
[1.956s] Level 1:colcon.colcon_core.package_discovery:discover_packages(ignore) discover
[1.956s] Level 1:colcon.colcon_core.package_discovery:discover_packages(ignore) using defaults
[1.956s] Level 1:colcon.colcon_core.package_discovery:discover_packages(path) discover
[1.956s] Level 1:colcon.colcon_core.package_discovery:discover_packages(path) using defaults
[2.103s] Level 1:colcon.colcon_core.package_discovery:discover_packages(prefix_path) check parameters
[2.104s] Level 1:colcon.colcon_core.package_discovery:discover_packages(prefix_path) discover
[2.123s] DEBUG:colcon.colcon_installed_package_information.package_discovery:Found 272 installed packages in /opt/ros/humble
[2.130s] Level 1:colcon.colcon_core.package_discovery:discover_packages(prefix_path) using defaults
[2.308s] Level 5:colcon.colcon_core.verb:set package 'fmgt1' build argument 'cmake_args' from command line to 'None'
[2.309s] Level 5:colcon.colcon_core.verb:set package 'fmgt1' build argument 'cmake_target' from command line to 'None'
[2.309s] Level 5:colcon.colcon_core.verb:set package 'fmgt1' build argument 'cmake_target_skip_unavailable' from command line to 'False'
[2.309s] Level 5:colcon.colcon_core.verb:set package 'fmgt1' build argument 'cmake_clean_cache' from command line to 'False'
[2.309s] Level 5:colcon.colcon_core.verb:set package 'fmgt1' build argument 'cmake_clean_first' from command line to 'False'
[2.309s] Level 5:colcon.colcon_core.verb:set package 'fmgt1' build argument 'cmake_force_configure' from command line to 'False'
[2.309s] Level 5:colcon.colcon_core.verb:set package 'fmgt1' build argument 'ament_cmake_args' from command line to 'None'
[2.309s] Level 5:colcon.colcon_core.verb:set package 'fmgt1' build argument 'catkin_cmake_args' from command line to 'None'
[2.310s] Level 5:colcon.colcon_core.verb:set package 'fmgt1' build argument 'catkin_skip_building_tests' from command line to 'False'
[2.310s] DEBUG:colcon.colcon_core.verb:Building package 'fmgt1' with the following arguments: {'ament_cmake_args': None, 'build_base': '/home/jy/fmgt/build/fmgt1', 'catkin_cmake_args': None, 'catkin_skip_building_tests': False, 'cmake_args': None, 'cmake_clean_cache': False, 'cmake_clean_first': False, 'cmake_force_configure': False, 'cmake_target': None, 'cmake_target_skip_unavailable': False, 'install_base': '/home/jy/fmgt/install/fmgt1', 'merge_install': False, 'path': '/home/jy/fmgt/src/fmgt1', 'symlink_install': True, 'test_result_base': None}
[2.311s] Level 5:colcon.colcon_core.verb:set package 'fmgt2' build argument 'cmake_args' from command line to 'None'
[2.312s] Level 5:colcon.colcon_core.verb:set package 'fmgt2' build argument 'cmake_target' from command line to 'None'
[2.312s] Level 5:colcon.colcon_core.verb:set package 'fmgt2' build argument 'cmake_target_skip_unavailable' from command line to 'False'
[2.312s] Level 5:colcon.colcon_core.verb:set package 'fmgt2' build argument 'cmake_clean_cache' from command line to 'False'
[2.312s] Level 5:colcon.colcon_core.verb:set package 'fmgt2' build argument 'cmake_clean_first' from command line to 'False'
[2.312s] Level 5:colcon.colcon_core.verb:set package 'fmgt2' build argument 'cmake_force_configure' from command line to 'False'
[2.312s] Level 5:colcon.colcon_core.verb:set package 'fmgt2' build argument 'ament_cmake_args' from command line to 'None'
[2.312s] Level 5:colcon.colcon_core.verb:set package 'fmgt2' build argument 'catkin_cmake_args' from command line to 'None'
[2.312s] Level 5:colcon.colcon_core.verb:set package 'fmgt2' build argument 'catkin_skip_building_tests' from command line to 'False'
[2.312s] DEBUG:colcon.colcon_core.verb:Building package 'fmgt2' with the following arguments: {'ament_cmake_args': None, 'build_base': '/home/jy/fmgt/build/fmgt2', 'catkin_cmake_args': None, 'catkin_skip_building_tests': False, 'cmake_args': None, 'cmake_clean_cache': False, 'cmake_clean_first': False, 'cmake_force_configure': False, 'cmake_target': None, 'cmake_target_skip_unavailable': False, 'install_base': '/home/jy/fmgt/install/fmgt2', 'merge_install': False, 'path': '/home/jy/fmgt/src/fmgt2', 'symlink_install': True, 'test_result_base': None}
[2.314s] Level 5:colcon.colcon_core.verb:set package 'fmgt3' build argument 'cmake_args' from command line to 'None'
[2.314s] Level 5:colcon.colcon_core.verb:set package 'fmgt3' build argument 'cmake_target' from command line to 'None'
[2.314s] Level 5:colcon.colcon_core.verb:set package 'fmgt3' build argument 'cmake_target_skip_unavailable' from command line to 'False'
[2.314s] Level 5:colcon.colcon_core.verb:set package 'fmgt3' build argument 'cmake_clean_cache' from command line to 'False'
[2.314s] Level 5:colcon.colcon_core.verb:set package 'fmgt3' build argument 'cmake_clean_first' from command line to 'False'
[2.314s] Level 5:colcon.colcon_core.verb:set package 'fmgt3' build argument 'cmake_force_configure' from command line to 'False'
[2.315s] Level 5:colcon.colcon_core.verb:set package 'fmgt3' build argument 'ament_cmake_args' from command line to 'None'
[2.315s] Level 5:colcon.colcon_core.verb:set package 'fmgt3' build argument 'catkin_cmake_args' from command line to 'None'
[2.315s] Level 5:colcon.colcon_core.verb:set package 'fmgt3' build argument 'catkin_skip_building_tests' from command line to 'False'
[2.315s] DEBUG:colcon.colcon_core.verb:Building package 'fmgt3' with the following arguments: {'ament_cmake_args': None, 'build_base': '/home/jy/fmgt/build/fmgt3', 'catkin_cmake_args': None, 'catkin_skip_building_tests': False, 'cmake_args': None, 'cmake_clean_cache': False, 'cmake_clean_first': False, 'cmake_force_configure': False, 'cmake_target': None, 'cmake_target_skip_unavailable': False, 'install_base': '/home/jy/fmgt/install/fmgt3', 'merge_install': False, 'path': '/home/jy/fmgt/src/fmgt3', 'symlink_install': True, 'test_result_base': None}
[2.316s] Level 5:colcon.colcon_core.verb:set package 'fmgt4' build argument 'cmake_args' from command line to 'None'
[2.317s] Level 5:colcon.colcon_core.verb:set package 'fmgt4' build argument 'cmake_target' from command line to 'None'
[2.317s] Level 5:colcon.colcon_core.verb:set package 'fmgt4' build argument 'cmake_target_skip_unavailable' from command line to 'False'
[2.317s] Level 5:colcon.colcon_core.verb:set package 'fmgt4' build argument 'cmake_clean_cache' from command line to 'False'
[2.317s] Level 5:colcon.colcon_core.verb:set package 'fmgt4' build argument 'cmake_clean_first' from command line to 'False'
[2.317s] Level 5:colcon.colcon_core.verb:set package 'fmgt4' build argument 'cmake_force_configure' from command line to 'False'
[2.317s] Level 5:colcon.colcon_core.verb:set package 'fmgt4' build argument 'ament_cmake_args' from command line to 'None'
[2.317s] Level 5:colcon.colcon_core.verb:set package 'fmgt4' build argument 'catkin_cmake_args' from command line to 'None'
[2.317s] Level 5:colcon.colcon_core.verb:set package 'fmgt4' build argument 'catkin_skip_building_tests' from command line to 'False'
[2.318s] DEBUG:colcon.colcon_core.verb:Building package 'fmgt4' with the following arguments: {'ament_cmake_args': None, 'build_base': '/home/jy/fmgt/build/fmgt4', 'catkin_cmake_args': None, 'catkin_skip_building_tests': False, 'cmake_args': None, 'cmake_clean_cache': False, 'cmake_clean_first': False, 'cmake_force_configure': False, 'cmake_target': None, 'cmake_target_skip_unavailable': False, 'install_base': '/home/jy/fmgt/install/fmgt4', 'merge_install': False, 'path': '/home/jy/fmgt/src/fmgt4', 'symlink_install': True, 'test_result_base': None}
[2.318s] INFO:colcon.colcon_core.executor:Executing jobs using 'parallel' executor
[2.321s] DEBUG:colcon.colcon_parallel_executor.executor.parallel:run_until_complete
[2.323s] INFO:colcon.colcon_ros.task.ament_python.build:Building ROS package in '/home/jy/fmgt/src/fmgt1' with build type 'ament_python'
[2.323s] Level 1:colcon.colcon_core.shell:create_environment_hook('fmgt1', 'ament_prefix_path')
[2.339s] INFO:colcon.colcon_core.plugin_system:Skipping extension 'colcon_core.shell.bat': Not used on non-Windows systems
[2.340s] INFO:colcon.colcon_core.shell:Creating environment hook '/home/jy/fmgt/install/fmgt1/share/fmgt1/hook/ament_prefix_path.ps1'
[2.344s] INFO:colcon.colcon_core.shell:Creating environment descriptor '/home/jy/fmgt/install/fmgt1/share/fmgt1/hook/ament_prefix_path.dsv'
[2.348s] INFO:colcon.colcon_core.shell:Creating environment hook '/home/jy/fmgt/install/fmgt1/share/fmgt1/hook/ament_prefix_path.sh'
[2.354s] INFO:colcon.colcon_core.shell:Skip shell extension 'powershell' for command environment: Not usable outside of PowerShell
[2.354s] DEBUG:colcon.colcon_core.shell:Skip shell extension 'dsv' for command environment
[2.372s] INFO:colcon.colcon_ros.task.ament_python.build:Building ROS package in '/home/jy/fmgt/src/fmgt2' with build type 'ament_python'
[2.373s] Level 1:colcon.colcon_core.shell:create_environment_hook('fmgt2', 'ament_prefix_path')
[2.374s] INFO:colcon.colcon_core.shell:Creating environment hook '/home/jy/fmgt/install/fmgt2/share/fmgt2/hook/ament_prefix_path.ps1'
[2.377s] INFO:colcon.colcon_core.shell:Creating environment descriptor '/home/jy/fmgt/install/fmgt2/share/fmgt2/hook/ament_prefix_path.dsv'
[2.379s] INFO:colcon.colcon_core.shell:Creating environment hook '/home/jy/fmgt/install/fmgt2/share/fmgt2/hook/ament_prefix_path.sh'
[2.383s] INFO:colcon.colcon_core.shell:Skip shell extension 'powershell' for command environment: Not usable outside of PowerShell
[2.383s] DEBUG:colcon.colcon_core.shell:Skip shell extension 'dsv' for command environment
[2.399s] INFO:colcon.colcon_ros.task.ament_python.build:Building ROS package in '/home/jy/fmgt/src/fmgt3' with build type 'ament_python'
[2.399s] Level 1:colcon.colcon_core.shell:create_environment_hook('fmgt3', 'ament_prefix_path')
[2.401s] INFO:colcon.colcon_core.shell:Creating environment hook '/home/jy/fmgt/install/fmgt3/share/fmgt3/hook/ament_prefix_path.ps1'
[2.404s] INFO:colcon.colcon_core.shell:Creating environment descriptor '/home/jy/fmgt/install/fmgt3/share/fmgt3/hook/ament_prefix_path.dsv'
[2.406s] INFO:colcon.colcon_core.shell:Creating environment hook '/home/jy/fmgt/install/fmgt3/share/fmgt3/hook/ament_prefix_path.sh'
[2.410s] INFO:colcon.colcon_core.shell:Skip shell extension 'powershell' for command environment: Not usable outside of PowerShell
[2.410s] DEBUG:colcon.colcon_core.shell:Skip shell extension 'dsv' for command environment
[2.425s] INFO:colcon.colcon_ros.task.ament_python.build:Building ROS package in '/home/jy/fmgt/src/fmgt4' with build type 'ament_python'
[2.427s] Level 1:colcon.colcon_core.shell:create_environment_hook('fmgt4', 'ament_prefix_path')
[2.428s] INFO:colcon.colcon_core.shell:Creating environment hook '/home/jy/fmgt/install/fmgt4/share/fmgt4/hook/ament_prefix_path.ps1'
[2.431s] INFO:colcon.colcon_core.shell:Creating environment descriptor '/home/jy/fmgt/install/fmgt4/share/fmgt4/hook/ament_prefix_path.dsv'
[2.434s] INFO:colcon.colcon_core.shell:Creating environment hook '/home/jy/fmgt/install/fmgt4/share/fmgt4/hook/ament_prefix_path.sh'
[2.438s] INFO:colcon.colcon_core.shell:Skip shell extension 'powershell' for command environment: Not usable outside of PowerShell
[2.439s] DEBUG:colcon.colcon_core.shell:Skip shell extension 'dsv' for command environment
[3.644s] INFO:colcon.colcon_core.task.python.build:Building Python package in '/home/jy/fmgt/src/fmgt1'
[3.645s] INFO:colcon.colcon_core.shell:Skip shell extension 'powershell' for command environment: Not usable outside of PowerShell
[3.645s] DEBUG:colcon.colcon_core.shell:Skip shell extension 'dsv' for command environment
[4.863s] INFO:colcon.colcon_core.task.python.build:Building Python package in '/home/jy/fmgt/src/fmgt2'
[4.864s] INFO:colcon.colcon_core.shell:Skip shell extension 'powershell' for command environment: Not usable outside of PowerShell
[4.865s] DEBUG:colcon.colcon_core.shell:Skip shell extension 'dsv' for command environment
[6.096s] INFO:colcon.colcon_core.task.python.build:Building Python package in '/home/jy/fmgt/src/fmgt3'
[6.097s] INFO:colcon.colcon_core.shell:Skip shell extension 'powershell' for command environment: Not usable outside of PowerShell
[6.098s] DEBUG:colcon.colcon_core.shell:Skip shell extension 'dsv' for command environment
[7.314s] INFO:colcon.colcon_core.task.python.build:Building Python package in '/home/jy/fmgt/src/fmgt4'
[7.316s] INFO:colcon.colcon_core.shell:Skip shell extension 'powershell' for command environment: Not usable outside of PowerShell
[7.316s] DEBUG:colcon.colcon_core.shell:Skip shell extension 'dsv' for command environment
[9.954s] DEBUG:colcon.colcon_core.event_handler.log_command:Invoking command in '/home/jy/fmgt/build/fmgt2': PYTHONPATH=/home/jy/fmgt/build/fmgt2/prefix_override:/usr/lib/python3/dist-packages/colcon_core/task/python/colcon_distutils_commands:/home/jy/fmgt/install/fmgt2/lib/python3.10/site-packages:${PYTHONPATH} /usr/bin/python3 -W ignore:setup.py install is deprecated -W ignore:easy_install command is deprecated setup.py develop --editable --build-directory /home/jy/fmgt/build/fmgt2/build --no-deps symlink_data
[10.018s] DEBUG:colcon.colcon_core.event_handler.log_command:Invoking command in '/home/jy/fmgt/build/fmgt1': PYTHONPATH=/home/jy/fmgt/build/fmgt1/prefix_override:/usr/lib/python3/dist-packages/colcon_core/task/python/colcon_distutils_commands:/home/jy/fmgt/install/fmgt1/lib/python3.10/site-packages:${PYTHONPATH} /usr/bin/python3 -W ignore:setup.py install is deprecated -W ignore:easy_install command is deprecated setup.py develop --editable --build-directory /home/jy/fmgt/build/fmgt1/build --no-deps symlink_data
[10.044s] DEBUG:colcon.colcon_core.event_handler.log_command:Invoking command in '/home/jy/fmgt/build/fmgt4': PYTHONPATH=/home/jy/fmgt/build/fmgt4/prefix_override:/usr/lib/python3/dist-packages/colcon_core/task/python/colcon_distutils_commands:/home/jy/fmgt/install/fmgt4/lib/python3.10/site-packages:${PYTHONPATH} /usr/bin/python3 -W ignore:setup.py install is deprecated -W ignore:easy_install command is deprecated setup.py develop --editable --build-directory /home/jy/fmgt/build/fmgt4/build --no-deps symlink_data
[10.069s] DEBUG:colcon.colcon_core.event_handler.log_command:Invoking command in '/home/jy/fmgt/build/fmgt3': PYTHONPATH=/home/jy/fmgt/build/fmgt3/prefix_override:/usr/lib/python3/dist-packages/colcon_core/task/python/colcon_distutils_commands:/home/jy/fmgt/install/fmgt3/lib/python3.10/site-packages:${PYTHONPATH} /usr/bin/python3 -W ignore:setup.py install is deprecated -W ignore:easy_install command is deprecated setup.py develop --editable --build-directory /home/jy/fmgt/build/fmgt3/build --no-deps symlink_data
[13.413s] Level 1:colcon.colcon_core.shell:create_environment_hook('fmgt1', 'pythonpath_develop')
[13.415s] INFO:colcon.colcon_core.shell:Creating environment hook '/home/jy/fmgt/build/fmgt1/share/fmgt1/hook/pythonpath_develop.ps1'
[13.417s] DEBUG:colcon.colcon_core.event_handler.log_command:Invoked command in '/home/jy/fmgt/build/fmgt1' returned '0': PYTHONPATH=/home/jy/fmgt/build/fmgt1/prefix_override:/usr/lib/python3/dist-packages/colcon_core/task/python/colcon_distutils_commands:/home/jy/fmgt/install/fmgt1/lib/python3.10/site-packages:${PYTHONPATH} /usr/bin/python3 -W ignore:setup.py install is deprecated -W ignore:easy_install command is deprecated setup.py develop --editable --build-directory /home/jy/fmgt/build/fmgt1/build --no-deps symlink_data
[13.422s] INFO:colcon.colcon_core.shell:Creating environment descriptor '/home/jy/fmgt/build/fmgt1/share/fmgt1/hook/pythonpath_develop.dsv'
[13.427s] INFO:colcon.colcon_core.shell:Creating environment hook '/home/jy/fmgt/build/fmgt1/share/fmgt1/hook/pythonpath_develop.sh'
[13.464s] Level 1:colcon.colcon_core.environment:checking '/home/jy/fmgt/install/fmgt1' for CMake module files
[13.467s] Level 1:colcon.colcon_core.environment:checking '/home/jy/fmgt/install/fmgt1' for CMake config files
[13.471s] Level 1:colcon.colcon_core.environment:checking '/home/jy/fmgt/install/fmgt1/lib'
[13.472s] Level 1:colcon.colcon_core.environment:checking '/home/jy/fmgt/install/fmgt1/bin'
[13.473s] Level 1:colcon.colcon_core.environment:checking '/home/jy/fmgt/install/fmgt1/lib/pkgconfig/fmgt1.pc'
[13.474s] Level 1:colcon.colcon_core.environment:checking '/home/jy/fmgt/install/fmgt1/lib/python3.10/site-packages'
[13.475s] Level 1:colcon.colcon_core.shell:create_environment_hook('fmgt1', 'pythonpath')
[13.476s] INFO:colcon.colcon_core.shell:Creating environment hook '/home/jy/fmgt/install/fmgt1/share/fmgt1/hook/pythonpath.ps1'
[13.479s] INFO:colcon.colcon_core.shell:Creating environment descriptor '/home/jy/fmgt/install/fmgt1/share/fmgt1/hook/pythonpath.dsv'
[13.481s] INFO:colcon.colcon_core.shell:Creating environment hook '/home/jy/fmgt/install/fmgt1/share/fmgt1/hook/pythonpath.sh'
[13.484s] Level 1:colcon.colcon_core.environment:checking '/home/jy/fmgt/install/fmgt1/bin'
[13.485s] Level 1:colcon.colcon_core.environment:create_environment_scripts_only(fmgt1)
[13.488s] INFO:colcon.colcon_core.shell:Creating package script '/home/jy/fmgt/install/fmgt1/share/fmgt1/package.ps1'
[13.495s] INFO:colcon.colcon_core.shell:Creating package descriptor '/home/jy/fmgt/install/fmgt1/share/fmgt1/package.dsv'
[13.500s] INFO:colcon.colcon_core.shell:Creating package script '/home/jy/fmgt/install/fmgt1/share/fmgt1/package.sh'
[13.507s] INFO:colcon.colcon_core.shell:Creating package script '/home/jy/fmgt/install/fmgt1/share/fmgt1/package.bash'
[13.513s] INFO:colcon.colcon_core.shell:Creating package script '/home/jy/fmgt/install/fmgt1/share/fmgt1/package.zsh'
[13.561s] Level 1:colcon.colcon_core.environment:create_file_with_runtime_dependencies(/home/jy/fmgt/install/fmgt1/share/colcon-core/packages/fmgt1)
[13.757s] Level 1:colcon.colcon_core.shell:create_environment_hook('fmgt4', 'pythonpath_develop')
[13.759s] INFO:colcon.colcon_core.shell:Creating environment hook '/home/jy/fmgt/build/fmgt4/share/fmgt4/hook/pythonpath_develop.ps1'
[13.764s] INFO:colcon.colcon_core.shell:Creating environment descriptor '/home/jy/fmgt/build/fmgt4/share/fmgt4/hook/pythonpath_develop.dsv'
[13.769s] INFO:colcon.colcon_core.shell:Creating environment hook '/home/jy/fmgt/build/fmgt4/share/fmgt4/hook/pythonpath_develop.sh'
[13.776s] DEBUG:colcon.colcon_core.event_handler.log_command:Invoked command in '/home/jy/fmgt/build/fmgt4' returned '0': PYTHONPATH=/home/jy/fmgt/build/fmgt4/prefix_override:/usr/lib/python3/dist-packages/colcon_core/task/python/colcon_distutils_commands:/home/jy/fmgt/install/fmgt4/lib/python3.10/site-packages:${PYTHONPATH} /usr/bin/python3 -W ignore:setup.py install is deprecated -W ignore:easy_install command is deprecated setup.py develop --editable --build-directory /home/jy/fmgt/build/fmgt4/build --no-deps symlink_data
[13.793s] Level 1:colcon.colcon_core.environment:checking '/home/jy/fmgt/install/fmgt4' for CMake module files
[13.798s] Level 1:colcon.colcon_core.environment:checking '/home/jy/fmgt/install/fmgt4' for CMake config files
[13.843s] Level 1:colcon.colcon_core.environment:checking '/home/jy/fmgt/install/fmgt4/lib'
[13.845s] Level 1:colcon.colcon_core.environment:checking '/home/jy/fmgt/install/fmgt4/bin'
[13.847s] Level 1:colcon.colcon_core.environment:checking '/home/jy/fmgt/install/fmgt4/lib/pkgconfig/fmgt4.pc'
[13.850s] Level 1:colcon.colcon_core.environment:checking '/home/jy/fmgt/install/fmgt4/lib/python3.10/site-packages'
[13.851s] Level 1:colcon.colcon_core.shell:create_environment_hook('fmgt4', 'pythonpath')
[13.853s] INFO:colcon.colcon_core.shell:Creating environment hook '/home/jy/fmgt/install/fmgt4/share/fmgt4/hook/pythonpath.ps1'
[13.889s] INFO:colcon.colcon_core.shell:Creating environment descriptor '/home/jy/fmgt/install/fmgt4/share/fmgt4/hook/pythonpath.dsv'
[13.910s] INFO:colcon.colcon_core.shell:Creating environment hook '/home/jy/fmgt/install/fmgt4/share/fmgt4/hook/pythonpath.sh'
[13.925s] Level 1:colcon.colcon_core.environment:checking '/home/jy/fmgt/install/fmgt4/bin'
[13.926s] Level 1:colcon.colcon_core.environment:create_environment_scripts_only(fmgt4)
[13.931s] INFO:colcon.colcon_core.shell:Creating package script '/home/jy/fmgt/install/fmgt4/share/fmgt4/package.ps1'
[13.943s] INFO:colcon.colcon_core.shell:Creating package descriptor '/home/jy/fmgt/install/fmgt4/share/fmgt4/package.dsv'
[13.955s] INFO:colcon.colcon_core.shell:Creating package script '/home/jy/fmgt/install/fmgt4/share/fmgt4/package.sh'
[13.966s] INFO:colcon.colcon_core.shell:Creating package script '/home/jy/fmgt/install/fmgt4/share/fmgt4/package.bash'
[13.978s] INFO:colcon.colcon_core.shell:Creating package script '/home/jy/fmgt/install/fmgt4/share/fmgt4/package.zsh'
[13.988s] Level 1:colcon.colcon_core.environment:create_file_with_runtime_dependencies(/home/jy/fmgt/install/fmgt4/share/colcon-core/packages/fmgt4)
[14.039s] Level 1:colcon.colcon_core.shell:create_environment_hook('fmgt3', 'pythonpath_develop')
[14.044s] DEBUG:colcon.colcon_core.event_handler.log_command:Invoked command in '/home/jy/fmgt/build/fmgt3' returned '0': PYTHONPATH=/home/jy/fmgt/build/fmgt3/prefix_override:/usr/lib/python3/dist-packages/colcon_core/task/python/colcon_distutils_commands:/home/jy/fmgt/install/fmgt3/lib/python3.10/site-packages:${PYTHONPATH} /usr/bin/python3 -W ignore:setup.py install is deprecated -W ignore:easy_install command is deprecated setup.py develop --editable --build-directory /home/jy/fmgt/build/fmgt3/build --no-deps symlink_data
[14.045s] INFO:colcon.colcon_core.shell:Creating environment hook '/home/jy/fmgt/build/fmgt3/share/fmgt3/hook/pythonpath_develop.ps1'
[14.053s] INFO:colcon.colcon_core.shell:Creating environment descriptor '/home/jy/fmgt/build/fmgt3/share/fmgt3/hook/pythonpath_develop.dsv'
[14.060s] INFO:colcon.colcon_core.shell:Creating environment hook '/home/jy/fmgt/build/fmgt3/share/fmgt3/hook/pythonpath_develop.sh'
[14.068s] Level 1:colcon.colcon_core.environment:checking '/home/jy/fmgt/install/fmgt3' for CMake module files
[14.073s] Level 1:colcon.colcon_core.environment:checking '/home/jy/fmgt/install/fmgt3' for CMake config files
[14.082s] Level 1:colcon.colcon_core.environment:checking '/home/jy/fmgt/install/fmgt3/lib'
[14.084s] Level 1:colcon.colcon_core.environment:checking '/home/jy/fmgt/install/fmgt3/bin'
[14.085s] Level 1:colcon.colcon_core.environment:checking '/home/jy/fmgt/install/fmgt3/lib/pkgconfig/fmgt3.pc'
[14.087s] Level 1:colcon.colcon_core.environment:checking '/home/jy/fmgt/install/fmgt3/lib/python3.10/site-packages'
[14.089s] Level 1:colcon.colcon_core.shell:create_environment_hook('fmgt3', 'pythonpath')
[14.091s] INFO:colcon.colcon_core.shell:Creating environment hook '/home/jy/fmgt/install/fmgt3/share/fmgt3/hook/pythonpath.ps1'
[14.096s] INFO:colcon.colcon_core.shell:Creating environment descriptor '/home/jy/fmgt/install/fmgt3/share/fmgt3/hook/pythonpath.dsv'
[14.105s] INFO:colcon.colcon_core.shell:Creating environment hook '/home/jy/fmgt/install/fmgt3/share/fmgt3/hook/pythonpath.sh'
[14.111s] Level 1:colcon.colcon_core.environment:checking '/home/jy/fmgt/install/fmgt3/bin'
[14.112s] Level 1:colcon.colcon_core.environment:create_environment_scripts_only(fmgt3)
[14.115s] INFO:colcon.colcon_core.shell:Creating package script '/home/jy/fmgt/install/fmgt3/share/fmgt3/package.ps1'
[14.119s] INFO:colcon.colcon_core.shell:Creating package descriptor '/home/jy/fmgt/install/fmgt3/share/fmgt3/package.dsv'
[14.122s] INFO:colcon.colcon_core.shell:Creating package script '/home/jy/fmgt/install/fmgt3/share/fmgt3/package.sh'
[14.124s] INFO:colcon.colcon_core.shell:Creating package script '/home/jy/fmgt/install/fmgt3/share/fmgt3/package.bash'
[14.126s] INFO:colcon.colcon_core.shell:Creating package script '/home/jy/fmgt/install/fmgt3/share/fmgt3/package.zsh'
[14.128s] Level 1:colcon.colcon_core.environment:create_file_with_runtime_dependencies(/home/jy/fmgt/install/fmgt3/share/colcon-core/packages/fmgt3)
[14.132s] Level 1:colcon.colcon_core.shell:create_environment_hook('fmgt2', 'pythonpath_develop')
[14.133s] INFO:colcon.colcon_core.shell:Creating environment hook '/home/jy/fmgt/build/fmgt2/share/fmgt2/hook/pythonpath_develop.ps1'
[14.135s] DEBUG:colcon.colcon_core.event_handler.log_command:Invoked command in '/home/jy/fmgt/build/fmgt2' returned '0': PYTHONPATH=/home/jy/fmgt/build/fmgt2/prefix_override:/usr/lib/python3/dist-packages/colcon_core/task/python/colcon_distutils_commands:/home/jy/fmgt/install/fmgt2/lib/python3.10/site-packages:${PYTHONPATH} /usr/bin/python3 -W ignore:setup.py install is deprecated -W ignore:easy_install command is deprecated setup.py develop --editable --build-directory /home/jy/fmgt/build/fmgt2/build --no-deps symlink_data
[14.137s] INFO:colcon.colcon_core.shell:Creating environment descriptor '/home/jy/fmgt/build/fmgt2/share/fmgt2/hook/pythonpath_develop.dsv'
[14.139s] INFO:colcon.colcon_core.shell:Creating environment hook '/home/jy/fmgt/build/fmgt2/share/fmgt2/hook/pythonpath_develop.sh'
[14.142s] Level 1:colcon.colcon_core.environment:checking '/home/jy/fmgt/install/fmgt2' for CMake module files
[14.145s] Level 1:colcon.colcon_core.environment:checking '/home/jy/fmgt/install/fmgt2' for CMake config files
[14.149s] Level 1:colcon.colcon_core.environment:checking '/home/jy/fmgt/install/fmgt2/lib'
[14.149s] Level 1:colcon.colcon_core.environment:checking '/home/jy/fmgt/install/fmgt2/bin'
[14.150s] Level 1:colcon.colcon_core.environment:checking '/home/jy/fmgt/install/fmgt2/lib/pkgconfig/fmgt2.pc'
[14.151s] Level 1:colcon.colcon_core.environment:checking '/home/jy/fmgt/install/fmgt2/lib/python3.10/site-packages'
[14.151s] Level 1:colcon.colcon_core.shell:create_environment_hook('fmgt2', 'pythonpath')
[14.152s] INFO:colcon.colcon_core.shell:Creating environment hook '/home/jy/fmgt/install/fmgt2/share/fmgt2/hook/pythonpath.ps1'
[14.154s] INFO:colcon.colcon_core.shell:Creating environment descriptor '/home/jy/fmgt/install/fmgt2/share/fmgt2/hook/pythonpath.dsv'
[14.156s] INFO:colcon.colcon_core.shell:Creating environment hook '/home/jy/fmgt/install/fmgt2/share/fmgt2/hook/pythonpath.sh'
[14.159s] Level 1:colcon.colcon_core.environment:checking '/home/jy/fmgt/install/fmgt2/bin'
[14.159s] Level 1:colcon.colcon_core.environment:create_environment_scripts_only(fmgt2)
[14.160s] INFO:colcon.colcon_core.shell:Creating package script '/home/jy/fmgt/install/fmgt2/share/fmgt2/package.ps1'
[14.164s] INFO:colcon.colcon_core.shell:Creating package descriptor '/home/jy/fmgt/install/fmgt2/share/fmgt2/package.dsv'
[14.166s] INFO:colcon.colcon_core.shell:Creating package script '/home/jy/fmgt/install/fmgt2/share/fmgt2/package.sh'
[14.168s] INFO:colcon.colcon_core.shell:Creating package script '/home/jy/fmgt/install/fmgt2/share/fmgt2/package.bash'
[14.170s] INFO:colcon.colcon_core.shell:Creating package script '/home/jy/fmgt/install/fmgt2/share/fmgt2/package.zsh'
[14.172s] Level 1:colcon.colcon_core.environment:create_file_with_runtime_dependencies(/home/jy/fmgt/install/fmgt2/share/colcon-core/packages/fmgt2)
[14.174s] DEBUG:colcon.colcon_parallel_executor.executor.parallel:closing loop
[14.175s] DEBUG:colcon.colcon_parallel_executor.executor.parallel:loop closed
[14.175s] DEBUG:colcon.colcon_parallel_executor.executor.parallel:run_until_complete finished with '0'
[14.176s] DEBUG:colcon.colcon_core.event_reactor:joining thread
[14.202s] INFO:colcon.colcon_core.plugin_system:Skipping extension 'colcon_notification.desktop_notification.terminal_notifier': Not used on non-Darwin systems
[14.202s] INFO:colcon.colcon_core.plugin_system:Skipping extension 'colcon_notification.desktop_notification.win32': Not used on non-Windows systems
[14.203s] INFO:colcon.colcon_notification.desktop_notification:Sending desktop notification using 'notify2'
[14.258s] DEBUG:colcon.colcon_core.event_reactor:joined thread
[14.260s] INFO:colcon.colcon_core.shell:Creating prefix script '/home/jy/fmgt/install/local_setup.ps1'
[14.265s] INFO:colcon.colcon_core.shell:Creating prefix util module '/home/jy/fmgt/install/_local_setup_util_ps1.py'
[14.272s] INFO:colcon.colcon_core.shell:Creating prefix chain script '/home/jy/fmgt/install/setup.ps1'
[14.277s] INFO:colcon.colcon_core.shell:Creating prefix script '/home/jy/fmgt/install/local_setup.sh'
[14.282s] INFO:colcon.colcon_core.shell:Creating prefix util module '/home/jy/fmgt/install/_local_setup_util_sh.py'
[14.285s] INFO:colcon.colcon_core.shell:Creating prefix chain script '/home/jy/fmgt/install/setup.sh'
[14.291s] INFO:colcon.colcon_core.shell:Creating prefix script '/home/jy/fmgt/install/local_setup.bash'
[14.295s] INFO:colcon.colcon_core.shell:Creating prefix chain script '/home/jy/fmgt/install/setup.bash'
[14.301s] INFO:colcon.colcon_core.shell:Creating prefix script '/home/jy/fmgt/install/local_setup.zsh'
[14.305s] INFO:colcon.colcon_core.shell:Creating prefix chain script '/home/jy/fmgt/install/setup.zsh'
