running develop
running egg_info
creating fmgt3.egg-info
writing fmgt3.egg-info/PKG-INFO
writing dependency_links to fmgt3.egg-info/dependency_links.txt
writing entry points to fmgt3.egg-info/entry_points.txt
writing requirements to fmgt3.egg-info/requires.txt
writing top-level names to fmgt3.egg-info/top_level.txt
writing manifest file 'fmgt3.egg-info/SOURCES.txt'
reading manifest file 'fmgt3.egg-info/SOURCES.txt'
writing manifest file 'fmgt3.egg-info/SOURCES.txt'
running build_ext
Creating /home/jy/fmgt/install/fmgt3/lib/python3.10/site-packages/fmgt3.egg-link (link to .)
Installing estimator script to /home/jy/fmgt/install/fmgt3/lib/fmgt3
Installing follower script to /home/jy/fmgt/install/fmgt3/lib/fmgt3
Installing publisher script to /home/jy/fmgt/install/fmgt3/lib/fmgt3

Installed /home/jy/fmgt/build/fmgt3
running symlink_data
creating /home/jy/fmgt/install/fmgt3/share/ament_index
creating /home/jy/fmgt/install/fmgt3/share/ament_index/resource_index
creating /home/jy/fmgt/install/fmgt3/share/ament_index/resource_index/packages
symbolically linking /home/jy/fmgt/build/fmgt3/resource/fmgt3 -> /home/jy/fmgt/install/fmgt3/share/ament_index/resource_index/packages
symbolically linking /home/jy/fmgt/build/fmgt3/package.xml -> /home/jy/fmgt/install/fmgt3/share/fmgt3
creating /home/jy/fmgt/install/fmgt3/share/fmgt3/launch
symbolically linking /home/jy/fmgt/build/fmgt3/launch/fmgt.launch.py -> /home/jy/fmgt/install/fmgt3/share/fmgt3/launch
