[6.963s] Invoking command in '/home/jy/fmgt/build/fmgt3': PYTHONPATH=/home/jy/fmgt/build/fmgt3/prefix_override:/usr/lib/python3/dist-packages/colcon_core/task/python/colcon_distutils_commands:/home/jy/fmgt/install/fmgt3/lib/python3.10/site-packages:${PYTHONPATH} /usr/bin/python3 -W ignore:setup.py install is deprecated -W ignore:easy_install command is deprecated setup.py develop --editable --build-directory /home/jy/fmgt/build/fmgt3/build --no-deps symlink_data
[9.714s] running develop
[11.278s] running egg_info
[11.279s] creating fmgt3.egg-info
[11.282s] writing fmgt3.egg-info/PKG-INFO
[11.284s] writing dependency_links to fmgt3.egg-info/dependency_links.txt
[11.286s] writing entry points to fmgt3.egg-info/entry_points.txt
[11.286s] writing requirements to fmgt3.egg-info/requires.txt
[11.287s] writing top-level names to fmgt3.egg-info/top_level.txt
[11.288s] writing manifest file 'fmgt3.egg-info/SOURCES.txt'
[11.294s] reading manifest file 'fmgt3.egg-info/SOURCES.txt'
[11.298s] writing manifest file 'fmgt3.egg-info/SOURCES.txt'
[11.306s] running build_ext
[11.307s] Creating /home/jy/fmgt/install/fmgt3/lib/python3.10/site-packages/fmgt3.egg-link (link to .)
[11.315s] Installing estimator script to /home/jy/fmgt/install/fmgt3/lib/fmgt3
[11.318s] Installing follower script to /home/jy/fmgt/install/fmgt3/lib/fmgt3
[11.319s] Installing publisher script to /home/jy/fmgt/install/fmgt3/lib/fmgt3
[11.320s] 
[11.321s] Installed /home/jy/fmgt/build/fmgt3
[11.323s] running symlink_data
[11.324s] creating /home/jy/fmgt/install/fmgt3/share/ament_index
[11.325s] creating /home/jy/fmgt/install/fmgt3/share/ament_index/resource_index
[11.326s] creating /home/jy/fmgt/install/fmgt3/share/ament_index/resource_index/packages
[11.328s] symbolically linking /home/jy/fmgt/build/fmgt3/resource/fmgt3 -> /home/jy/fmgt/install/fmgt3/share/ament_index/resource_index/packages
[11.330s] symbolically linking /home/jy/fmgt/build/fmgt3/package.xml -> /home/jy/fmgt/install/fmgt3/share/fmgt3
[11.331s] creating /home/jy/fmgt/install/fmgt3/share/fmgt3/launch
[11.332s] symbolically linking /home/jy/fmgt/build/fmgt3/launch/fmgt.launch.py -> /home/jy/fmgt/install/fmgt3/share/fmgt3/launch
[11.551s] Invoked command in '/home/jy/fmgt/build/fmgt3' returned '0': PYTHONPATH=/home/jy/fmgt/build/fmgt3/prefix_override:/usr/lib/python3/dist-packages/colcon_core/task/python/colcon_distutils_commands:/home/jy/fmgt/install/fmgt3/lib/python3.10/site-packages:${PYTHONPATH} /usr/bin/python3 -W ignore:setup.py install is deprecated -W ignore:easy_install command is deprecated setup.py develop --editable --build-directory /home/jy/fmgt/build/fmgt3/build --no-deps symlink_data
