running develop
running egg_info
creating fmgt2.egg-info
writing fmgt2.egg-info/PKG-INFO
writing dependency_links to fmgt2.egg-info/dependency_links.txt
writing entry points to fmgt2.egg-info/entry_points.txt
writing requirements to fmgt2.egg-info/requires.txt
writing top-level names to fmgt2.egg-info/top_level.txt
writing manifest file 'fmgt2.egg-info/SOURCES.txt'
reading manifest file 'fmgt2.egg-info/SOURCES.txt'
writing manifest file 'fmgt2.egg-info/SOURCES.txt'
running build_ext
Creating /home/jy/fmgt/install/fmgt2/lib/python3.10/site-packages/fmgt2.egg-link (link to .)
Installing estimator script to /home/jy/fmgt/install/fmgt2/lib/fmgt2
Installing follower script to /home/jy/fmgt/install/fmgt2/lib/fmgt2
Installing publisher script to /home/jy/fmgt/install/fmgt2/lib/fmgt2

Installed /home/jy/fmgt/build/fmgt2
running symlink_data
creating /home/jy/fmgt/install/fmgt2/share/ament_index
creating /home/jy/fmgt/install/fmgt2/share/ament_index/resource_index
creating /home/jy/fmgt/install/fmgt2/share/ament_index/resource_index/packages
symbolically linking /home/jy/fmgt/build/fmgt2/resource/fmgt2 -> /home/jy/fmgt/install/fmgt2/share/ament_index/resource_index/packages
symbolically linking /home/jy/fmgt/build/fmgt2/package.xml -> /home/jy/fmgt/install/fmgt2/share/fmgt2
creating /home/jy/fmgt/install/fmgt2/share/fmgt2/launch
symbolically linking /home/jy/fmgt/build/fmgt2/launch/fmgt.launch.py -> /home/jy/fmgt/install/fmgt2/share/fmgt2/launch
