[6.937s] Invoking command in '/home/jy/fmgt/build/fmgt2': PYTHONPATH=/home/jy/fmgt/build/fmgt2/prefix_override:/usr/lib/python3/dist-packages/colcon_core/task/python/colcon_distutils_commands:/home/jy/fmgt/install/fmgt2/lib/python3.10/site-packages:${PYTHONPATH} /usr/bin/python3 -W ignore:setup.py install is deprecated -W ignore:easy_install command is deprecated setup.py develop --editable --build-directory /home/jy/fmgt/build/fmgt2/build --no-deps symlink_data
[10.077s] running develop
[11.949s] running egg_info
[11.949s] creating fmgt2.egg-info
[11.950s] writing fmgt2.egg-info/PKG-INFO
[11.954s] writing dependency_links to fmgt2.egg-info/dependency_links.txt
[11.956s] writing entry points to fmgt2.egg-info/entry_points.txt
[11.957s] writing requirements to fmgt2.egg-info/requires.txt
[11.958s] writing top-level names to fmgt2.egg-info/top_level.txt
[11.958s] writing manifest file 'fmgt2.egg-info/SOURCES.txt'
[11.966s] reading manifest file 'fmgt2.egg-info/SOURCES.txt'
[11.971s] writing manifest file 'fmgt2.egg-info/SOURCES.txt'
[11.977s] running build_ext
[11.978s] Creating /home/jy/fmgt/install/fmgt2/lib/python3.10/site-packages/fmgt2.egg-link (link to .)
[11.995s] Installing estimator script to /home/jy/fmgt/install/fmgt2/lib/fmgt2
[12.007s] Installing follower script to /home/jy/fmgt/install/fmgt2/lib/fmgt2
[12.009s] Installing publisher script to /home/jy/fmgt/install/fmgt2/lib/fmgt2
[12.010s] 
[12.012s] Installed /home/jy/fmgt/build/fmgt2
[12.024s] running symlink_data
[12.026s] creating /home/jy/fmgt/install/fmgt2/share/ament_index
[12.028s] creating /home/jy/fmgt/install/fmgt2/share/ament_index/resource_index
[12.031s] creating /home/jy/fmgt/install/fmgt2/share/ament_index/resource_index/packages
[12.033s] symbolically linking /home/jy/fmgt/build/fmgt2/resource/fmgt2 -> /home/jy/fmgt/install/fmgt2/share/ament_index/resource_index/packages
[12.034s] symbolically linking /home/jy/fmgt/build/fmgt2/package.xml -> /home/jy/fmgt/install/fmgt2/share/fmgt2
[12.037s] creating /home/jy/fmgt/install/fmgt2/share/fmgt2/launch
[12.039s] symbolically linking /home/jy/fmgt/build/fmgt2/launch/fmgt.launch.py -> /home/jy/fmgt/install/fmgt2/share/fmgt2/launch
[12.176s] Invoked command in '/home/jy/fmgt/build/fmgt2' returned '0': PYTHONPATH=/home/jy/fmgt/build/fmgt2/prefix_override:/usr/lib/python3/dist-packages/colcon_core/task/python/colcon_distutils_commands:/home/jy/fmgt/install/fmgt2/lib/python3.10/site-packages:${PYTHONPATH} /usr/bin/python3 -W ignore:setup.py install is deprecated -W ignore:easy_install command is deprecated setup.py develop --editable --build-directory /home/jy/fmgt/build/fmgt2/build --no-deps symlink_data
